<?xml version="1.0" encoding="UTF-8"?>
<robot generator="Robot 2.9 (Jython 2.7.0 on java1.8.0_60)" generated="20150916 17:41:11.748">
<suite source="C:\Users\HP Laptop\Desktop\TTT with acceptance tests working Tests\TicTacToeGUITests.txt" name="TicTacToeGUITests" id="s1">
<test name="Win Diagonally as X" id="s1-t1">
<kw name="Start New Game">
<kw library="SwingLibrary" name="Start Application">
<doc>Alias for `Launch Application` keyword</doc>
<arguments>
<arg>TicTacToeGUI</arg>
</arguments>
<status endtime="20150916 17:41:13.062" starttime="20150916 17:41:12.968" status="PASS"></status>
</kw>
<kw library="SwingLibrary" name="Select Window">
<doc>Selects a window as current context and sets focus to it.</doc>
<arguments>
<arg>Tic Tac Toe</arg>
</arguments>
<status endtime="20150916 17:41:13.421" starttime="20150916 17:41:13.077" status="PASS"></status>
</kw>
<status endtime="20150916 17:41:13.421" starttime="20150916 17:41:12.968" status="PASS"></status>
</kw>
<kw name="Mark Location">
<arguments>
<arg>1</arg>
<arg>1</arg>
</arguments>
<kw library="BuiltIn" name="Catenate">
<doc>Catenates the given items together and returns the resulted string.</doc>
<arguments>
<arg>SEPARATOR=</arg>
<arg>Location</arg>
<arg>${row}</arg>
<arg>${col}</arg>
</arguments>
<assign>
<var>${component}</var>
</assign>
<msg level="INFO" timestamp="20150916 17:41:13.437">${component} = Location11</msg>
<status endtime="20150916 17:41:13.437" starttime="20150916 17:41:13.437" status="PASS"></status>
</kw>
<kw library="SwingLibrary" name="Click On Component">
<doc>Clicks on a component.</doc>
<arguments>
<arg>${component}</arg>
</arguments>
<status endtime="20150916 17:41:13.484" starttime="20150916 17:41:13.437" status="PASS"></status>
</kw>
<kw library="BuiltIn" name="Sleep">
<doc>Pauses the test executed for the given time.</doc>
<arguments>
<arg>.1s</arg>
</arguments>
<msg level="INFO" timestamp="20150916 17:41:13.608">Slept 100 milliseconds</msg>
<status endtime="20150916 17:41:13.608" starttime="20150916 17:41:13.484" status="PASS"></status>
</kw>
<status endtime="20150916 17:41:13.608" starttime="20150916 17:41:13.421" status="PASS"></status>
</kw>
<kw name="Check Location">
<arguments>
<arg>1</arg>
<arg>1</arg>
<arg>X</arg>
</arguments>
<kw library="BuiltIn" name="Catenate">
<doc>Catenates the given items together and returns the resulted string.</doc>
<arguments>
<arg>SEPARATOR=</arg>
<arg>Location</arg>
<arg>${row}</arg>
<arg>${col}</arg>
</arguments>
<assign>
<var>${component}</var>
</assign>
<msg level="INFO" timestamp="20150916 17:41:13.623">${component} = Location11</msg>
<status endtime="20150916 17:41:13.623" starttime="20150916 17:41:13.608" status="PASS"></status>
</kw>
<kw library="SwingLibrary" name="Get Button Text">
<doc>Uses current context to search for a button and when found, returns the text it is labeled with.</doc>
<arguments>
<arg>${component}</arg>
</arguments>
<assign>
<var>${button text}</var>
</assign>
<msg level="INFO" timestamp="20150916 17:41:13.654">${button text} = X</msg>
<status endtime="20150916 17:41:13.654" starttime="20150916 17:41:13.623" status="PASS"></status>
</kw>
<kw library="BuiltIn" name="Should Be Equal">
<doc>Fails if the given objects are unequal.</doc>
<arguments>
<arg>${button text}</arg>
<arg>${mark}</arg>
</arguments>
<status endtime="20150916 17:41:13.670" starttime="20150916 17:41:13.670" status="PASS"></status>
</kw>
<status endtime="20150916 17:41:13.670" starttime="20150916 17:41:13.608" status="PASS"></status>
</kw>
<kw name="Mark Location">
<arguments>
<arg>0</arg>
<arg>1</arg>
</arguments>
<kw library="BuiltIn" name="Catenate">
<doc>Catenates the given items together and returns the resulted string.</doc>
<arguments>
<arg>SEPARATOR=</arg>
<arg>Location</arg>
<arg>${row}</arg>
<arg>${col}</arg>
</arguments>
<assign>
<var>${component}</var>
</assign>
<msg level="INFO" timestamp="20150916 17:41:13.686">${component} = Location01</msg>
<status endtime="20150916 17:41:13.686" starttime="20150916 17:41:13.670" status="PASS"></status>
</kw>
<kw library="SwingLibrary" name="Click On Component">
<doc>Clicks on a component.</doc>
<arguments>
<arg>${component}</arg>
</arguments>
<status endtime="20150916 17:41:13.701" starttime="20150916 17:41:13.686" status="PASS"></status>
</kw>
<kw library="BuiltIn" name="Sleep">
<doc>Pauses the test executed for the given time.</doc>
<arguments>
<arg>.1s</arg>
</arguments>
<msg level="INFO" timestamp="20150916 17:41:13.812">Slept 100 milliseconds</msg>
<status endtime="20150916 17:41:13.812" starttime="20150916 17:41:13.701" status="PASS"></status>
</kw>
<status endtime="20150916 17:41:13.812" starttime="20150916 17:41:13.670" status="PASS"></status>
</kw>
<kw name="Check Location">
<arguments>
<arg>0</arg>
<arg>1</arg>
<arg>O</arg>
</arguments>
<kw library="BuiltIn" name="Catenate">
<doc>Catenates the given items together and returns the resulted string.</doc>
<arguments>
<arg>SEPARATOR=</arg>
<arg>Location</arg>
<arg>${row}</arg>
<arg>${col}</arg>
</arguments>
<assign>
<var>${component}</var>
</assign>
<msg level="INFO" timestamp="20150916 17:41:13.812">${component} = Location01</msg>
<status endtime="20150916 17:41:13.812" starttime="20150916 17:41:13.812" status="PASS"></status>
</kw>
<kw library="SwingLibrary" name="Get Button Text">
<doc>Uses current context to search for a button and when found, returns the text it is labeled with.</doc>
<arguments>
<arg>${component}</arg>
</arguments>
<assign>
<var>${button text}</var>
</assign>
<msg level="INFO" timestamp="20150916 17:41:13.827">${button text} = O</msg>
<status endtime="20150916 17:41:13.827" starttime="20150916 17:41:13.827" status="PASS"></status>
</kw>
<kw library="BuiltIn" name="Should Be Equal">
<doc>Fails if the given objects are unequal.</doc>
<arguments>
<arg>${button text}</arg>
<arg>${mark}</arg>
</arguments>
<status endtime="20150916 17:41:13.843" starttime="20150916 17:41:13.827" status="PASS"></status>
</kw>
<status endtime="20150916 17:41:13.843" starttime="20150916 17:41:13.812" status="PASS"></status>
</kw>
<kw name="Mark Location">
<arguments>
<arg>0</arg>
<arg>0</arg>
</arguments>
<kw library="BuiltIn" name="Catenate">
<doc>Catenates the given items together and returns the resulted string.</doc>
<arguments>
<arg>SEPARATOR=</arg>
<arg>Location</arg>
<arg>${row}</arg>
<arg>${col}</arg>
</arguments>
<assign>
<var>${component}</var>
</assign>
<msg level="INFO" timestamp="20150916 17:41:13.859">${component} = Location00</msg>
<status endtime="20150916 17:41:13.859" starttime="20150916 17:41:13.843" status="PASS"></status>
</kw>
<kw library="SwingLibrary" name="Click On Component">
<doc>Clicks on a component.</doc>
<arguments>
<arg>${component}</arg>
</arguments>
<status endtime="20150916 17:41:13.859" starttime="20150916 17:41:13.859" status="PASS"></status>
</kw>
<kw library="BuiltIn" name="Sleep">
<doc>Pauses the test executed for the given time.</doc>
<arguments>
<arg>.1s</arg>
</arguments>
<msg level="INFO" timestamp="20150916 17:41:13.974">Slept 100 milliseconds</msg>
<status endtime="20150916 17:41:13.974" starttime="20150916 17:41:13.859" status="PASS"></status>
</kw>
<status endtime="20150916 17:41:13.974" starttime="20150916 17:41:13.843" status="PASS"></status>
</kw>
<kw name="Check Location">
<arguments>
<arg>0</arg>
<arg>0</arg>
<arg>X</arg>
</arguments>
<kw library="BuiltIn" name="Catenate">
<doc>Catenates the given items together and returns the resulted string.</doc>
<arguments>
<arg>SEPARATOR=</arg>
<arg>Location</arg>
<arg>${row}</arg>
<arg>${col}</arg>
</arguments>
<assign>
<var>${component}</var>
</assign>
<msg level="INFO" timestamp="20150916 17:41:13.974">${component} = Location00</msg>
<status endtime="20150916 17:41:13.974" starttime="20150916 17:41:13.974" status="PASS"></status>
</kw>
<kw library="SwingLibrary" name="Get Button Text">
<doc>Uses current context to search for a button and when found, returns the text it is labeled with.</doc>
<arguments>
<arg>${component}</arg>
</arguments>
<assign>
<var>${button text}</var>
</assign>
<msg level="INFO" timestamp="20150916 17:41:13.990">${button text} = X</msg>
<status endtime="20150916 17:41:13.990" starttime="20150916 17:41:13.990" status="PASS"></status>
</kw>
<kw library="BuiltIn" name="Should Be Equal">
<doc>Fails if the given objects are unequal.</doc>
<arguments>
<arg>${button text}</arg>
<arg>${mark}</arg>
</arguments>
<status endtime="20150916 17:41:14.006" starttime="20150916 17:41:13.990" status="PASS"></status>
</kw>
<status endtime="20150916 17:41:14.006" starttime="20150916 17:41:13.974" status="PASS"></status>
</kw>
<kw name="Mark Location">
<arguments>
<arg>0</arg>
<arg>2</arg>
</arguments>
<kw library="BuiltIn" name="Catenate">
<doc>Catenates the given items together and returns the resulted string.</doc>
<arguments>
<arg>SEPARATOR=</arg>
<arg>Location</arg>
<arg>${row}</arg>
<arg>${col}</arg>
</arguments>
<assign>
<var>${component}</var>
</assign>
<msg level="INFO" timestamp="20150916 17:41:14.021">${component} = Location02</msg>
<status endtime="20150916 17:41:14.021" starttime="20150916 17:41:14.006" status="PASS"></status>
</kw>
<kw library="SwingLibrary" name="Click On Component">
<doc>Clicks on a component.</doc>
<arguments>
<arg>${component}</arg>
</arguments>
<status endtime="20150916 17:41:14.037" starttime="20150916 17:41:14.021" status="PASS"></status>
</kw>
<kw library="BuiltIn" name="Sleep">
<doc>Pauses the test executed for the given time.</doc>
<arguments>
<arg>.1s</arg>
</arguments>
<msg level="INFO" timestamp="20150916 17:41:14.145">Slept 100 milliseconds</msg>
<status endtime="20150916 17:41:14.145" starttime="20150916 17:41:14.037" status="PASS"></status>
</kw>
<status endtime="20150916 17:41:14.145" starttime="20150916 17:41:14.006" status="PASS"></status>
</kw>
<kw name="Check Location">
<arguments>
<arg>0</arg>
<arg>2</arg>
<arg>O</arg>
</arguments>
<kw library="BuiltIn" name="Catenate">
<doc>Catenates the given items together and returns the resulted string.</doc>
<arguments>
<arg>SEPARATOR=</arg>
<arg>Location</arg>
<arg>${row}</arg>
<arg>${col}</arg>
</arguments>
<assign>
<var>${component}</var>
</assign>
<msg level="INFO" timestamp="20150916 17:41:14.145">${component} = Location02</msg>
<status endtime="20150916 17:41:14.145" starttime="20150916 17:41:14.145" status="PASS"></status>
</kw>
<kw library="SwingLibrary" name="Get Button Text">
<doc>Uses current context to search for a button and when found, returns the text it is labeled with.</doc>
<arguments>
<arg>${component}</arg>
</arguments>
<assign>
<var>${button text}</var>
</assign>
<msg level="INFO" timestamp="20150916 17:41:14.161">${button text} = O</msg>
<status endtime="20150916 17:41:14.161" starttime="20150916 17:41:14.145" status="PASS"></status>
</kw>
<kw library="BuiltIn" name="Should Be Equal">
<doc>Fails if the given objects are unequal.</doc>
<arguments>
<arg>${button text}</arg>
<arg>${mark}</arg>
</arguments>
<status endtime="20150916 17:41:14.161" starttime="20150916 17:41:14.161" status="PASS"></status>
</kw>
<status endtime="20150916 17:41:14.177" starttime="20150916 17:41:14.145" status="PASS"></status>
</kw>
<kw name="Mark Location">
<arguments>
<arg>2</arg>
<arg>2</arg>
</arguments>
<kw library="BuiltIn" name="Catenate">
<doc>Catenates the given items together and returns the resulted string.</doc>
<arguments>
<arg>SEPARATOR=</arg>
<arg>Location</arg>
<arg>${row}</arg>
<arg>${col}</arg>
</arguments>
<assign>
<var>${component}</var>
</assign>
<msg level="INFO" timestamp="20150916 17:41:14.177">${component} = Location22</msg>
<status endtime="20150916 17:41:14.177" starttime="20150916 17:41:14.177" status="PASS"></status>
</kw>
<kw library="SwingLibrary" name="Click On Component">
<doc>Clicks on a component.</doc>
<arguments>
<arg>${component}</arg>
</arguments>
<status endtime="20150916 17:41:14.208" starttime="20150916 17:41:14.192" status="PASS"></status>
</kw>
<kw library="BuiltIn" name="Sleep">
<doc>Pauses the test executed for the given time.</doc>
<arguments>
<arg>.1s</arg>
</arguments>
<msg level="INFO" timestamp="20150916 17:41:14.315">Slept 100 milliseconds</msg>
<status endtime="20150916 17:41:14.315" starttime="20150916 17:41:14.208" status="PASS"></status>
</kw>
<status endtime="20150916 17:41:14.315" starttime="20150916 17:41:14.177" status="PASS"></status>
</kw>
<kw name="Check Location">
<arguments>
<arg>2</arg>
<arg>2</arg>
<arg>X</arg>
</arguments>
<kw library="BuiltIn" name="Catenate">
<doc>Catenates the given items together and returns the resulted string.</doc>
<arguments>
<arg>SEPARATOR=</arg>
<arg>Location</arg>
<arg>${row}</arg>
<arg>${col}</arg>
</arguments>
<assign>
<var>${component}</var>
</assign>
<msg level="INFO" timestamp="20150916 17:41:14.315">${component} = Location22</msg>
<status endtime="20150916 17:41:14.315" starttime="20150916 17:41:14.315" status="PASS"></status>
</kw>
<kw library="SwingLibrary" name="Get Button Text">
<doc>Uses current context to search for a button and when found, returns the text it is labeled with.</doc>
<arguments>
<arg>${component}</arg>
</arguments>
<assign>
<var>${button text}</var>
</assign>
<msg level="INFO" timestamp="20150916 17:41:14.331">${button text} = X</msg>
<status endtime="20150916 17:41:14.347" starttime="20150916 17:41:14.315" status="PASS"></status>
</kw>
<kw library="BuiltIn" name="Should Be Equal">
<doc>Fails if the given objects are unequal.</doc>
<arguments>
<arg>${button text}</arg>
<arg>${mark}</arg>
</arguments>
<status endtime="20150916 17:41:14.347" starttime="20150916 17:41:14.347" status="PASS"></status>
</kw>
<status endtime="20150916 17:41:14.362" starttime="20150916 17:41:14.315" status="PASS"></status>
</kw>
<kw name="Winner Should Be">
<arguments>
<arg>X</arg>
</arguments>
<kw library="SwingLibrary" name="Select Dialog">
<doc>Selects a dialog as current context and sets focus to it.</doc>
<arguments>
<arg>Game Over</arg>
</arguments>
<status endtime="20150916 17:41:14.706" starttime="20150916 17:41:14.362" status="PASS"></status>
</kw>
<kw library="BuiltIn" name="Catenate">
<doc>Catenates the given items together and returns the resulted string.</doc>
<arguments>
<arg>The winner is</arg>
<arg>${winner}</arg>
</arguments>
<assign>
<var>${message}</var>
</assign>
<msg level="INFO" timestamp="20150916 17:41:14.737">${message} = The winner is X</msg>
<status endtime="20150916 17:41:14.737" starttime="20150916 17:41:14.722" status="PASS"></status>
</kw>
<kw library="SwingLibrary" name="Label Text Should Be">
<doc>Checks the equality of given text and the text displayed on a label.</doc>
<arguments>
<arg>OptionPane.label</arg>
<arg>${message}</arg>
</arguments>
<status endtime="20150916 17:41:14.753" starttime="20150916 17:41:14.737" status="PASS"></status>
</kw>
<kw library="SwingLibrary" name="Close Dialog">
<doc>Closes a dialog.</doc>
<arguments>
<arg>Game Over</arg>
</arguments>
<status endtime="20150916 17:41:14.769" starttime="20150916 17:41:14.753" status="PASS"></status>
</kw>
<kw library="SwingLibrary" name="Close Window">
<doc>Closes a window.</doc>
<arguments>
<arg>Tic Tac Toe</arg>
</arguments>
<status endtime="20150916 17:41:14.925" starttime="20150916 17:41:14.784" status="PASS"></status>
</kw>
<status endtime="20150916 17:41:14.925" starttime="20150916 17:41:14.362" status="PASS"></status>
</kw>
<status critical="yes" endtime="20150916 17:41:14.925" starttime="20150916 17:41:12.952" status="PASS"></status>
</test>
<test name="Win Horizontally as O" id="s1-t2">
<kw name="Start New Game">
<kw library="SwingLibrary" name="Start Application">
<doc>Alias for `Launch Application` keyword</doc>
<arguments>
<arg>TicTacToeGUI</arg>
</arguments>
<status endtime="20150916 17:41:14.956" starttime="20150916 17:41:14.941" status="PASS"></status>
</kw>
<kw library="SwingLibrary" name="Select Window">
<doc>Selects a window as current context and sets focus to it.</doc>
<arguments>
<arg>Tic Tac Toe</arg>
</arguments>
<status endtime="20150916 17:41:14.972" starttime="20150916 17:41:14.956" status="PASS"></status>
</kw>
<status endtime="20150916 17:41:14.972" starttime="20150916 17:41:14.925" status="PASS"></status>
</kw>
<kw name="Mark Location">
<arguments>
<arg>1</arg>
<arg>1</arg>
</arguments>
<kw library="BuiltIn" name="Catenate">
<doc>Catenates the given items together and returns the resulted string.</doc>
<arguments>
<arg>SEPARATOR=</arg>
<arg>Location</arg>
<arg>${row}</arg>
<arg>${col}</arg>
</arguments>
<assign>
<var>${component}</var>
</assign>
<msg level="INFO" timestamp="20150916 17:41:14.987">${component} = Location11</msg>
<status endtime="20150916 17:41:14.987" starttime="20150916 17:41:14.972" status="PASS"></status>
</kw>
<kw library="SwingLibrary" name="Click On Component">
<doc>Clicks on a component.</doc>
<arguments>
<arg>${component}</arg>
</arguments>
<status endtime="20150916 17:41:15.003" starttime="20150916 17:41:14.987" status="PASS"></status>
</kw>
<kw library="BuiltIn" name="Sleep">
<doc>Pauses the test executed for the given time.</doc>
<arguments>
<arg>.1s</arg>
</arguments>
<msg level="INFO" timestamp="20150916 17:41:15.112">Slept 100 milliseconds</msg>
<status endtime="20150916 17:41:15.112" starttime="20150916 17:41:15.003" status="PASS"></status>
</kw>
<status endtime="20150916 17:41:15.112" starttime="20150916 17:41:14.972" status="PASS"></status>
</kw>
<kw name="Check Location">
<arguments>
<arg>1</arg>
<arg>1</arg>
<arg>X</arg>
</arguments>
<kw library="BuiltIn" name="Catenate">
<doc>Catenates the given items together and returns the resulted string.</doc>
<arguments>
<arg>SEPARATOR=</arg>
<arg>Location</arg>
<arg>${row}</arg>
<arg>${col}</arg>
</arguments>
<assign>
<var>${component}</var>
</assign>
<msg level="INFO" timestamp="20150916 17:41:15.112">${component} = Location11</msg>
<status endtime="20150916 17:41:15.112" starttime="20150916 17:41:15.112" status="PASS"></status>
</kw>
<kw library="SwingLibrary" name="Get Button Text">
<doc>Uses current context to search for a button and when found, returns the text it is labeled with.</doc>
<arguments>
<arg>${component}</arg>
</arguments>
<assign>
<var>${button text}</var>
</assign>
<msg level="INFO" timestamp="20150916 17:41:15.127">${button text} = X</msg>
<status endtime="20150916 17:41:15.127" starttime="20150916 17:41:15.112" status="PASS"></status>
</kw>
<kw library="BuiltIn" name="Should Be Equal">
<doc>Fails if the given objects are unequal.</doc>
<arguments>
<arg>${button text}</arg>
<arg>${mark}</arg>
</arguments>
<status endtime="20150916 17:41:15.143" starttime="20150916 17:41:15.127" status="PASS"></status>
</kw>
<status endtime="20150916 17:41:15.143" starttime="20150916 17:41:15.112" status="PASS"></status>
</kw>
<kw name="Mark Location">
<arguments>
<arg>2</arg>
<arg>0</arg>
</arguments>
<kw library="BuiltIn" name="Catenate">
<doc>Catenates the given items together and returns the resulted string.</doc>
<arguments>
<arg>SEPARATOR=</arg>
<arg>Location</arg>
<arg>${row}</arg>
<arg>${col}</arg>
</arguments>
<assign>
<var>${component}</var>
</assign>
<msg level="INFO" timestamp="20150916 17:41:15.159">${component} = Location20</msg>
<status endtime="20150916 17:41:15.159" starttime="20150916 17:41:15.143" status="PASS"></status>
</kw>
<kw library="SwingLibrary" name="Click On Component">
<doc>Clicks on a component.</doc>
<arguments>
<arg>${component}</arg>
</arguments>
<status endtime="20150916 17:41:15.174" starttime="20150916 17:41:15.159" status="PASS"></status>
</kw>
<kw library="BuiltIn" name="Sleep">
<doc>Pauses the test executed for the given time.</doc>
<arguments>
<arg>.1s</arg>
</arguments>
<msg level="INFO" timestamp="20150916 17:41:15.277">Slept 100 milliseconds</msg>
<status endtime="20150916 17:41:15.277" starttime="20150916 17:41:15.174" status="PASS"></status>
</kw>
<status endtime="20150916 17:41:15.277" starttime="20150916 17:41:15.143" status="PASS"></status>
</kw>
<kw name="Check Location">
<arguments>
<arg>2</arg>
<arg>0</arg>
<arg>O</arg>
</arguments>
<kw library="BuiltIn" name="Catenate">
<doc>Catenates the given items together and returns the resulted string.</doc>
<arguments>
<arg>SEPARATOR=</arg>
<arg>Location</arg>
<arg>${row}</arg>
<arg>${col}</arg>
</arguments>
<assign>
<var>${component}</var>
</assign>
<msg level="INFO" timestamp="20150916 17:41:15.277">${component} = Location20</msg>
<status endtime="20150916 17:41:15.277" starttime="20150916 17:41:15.277" status="PASS"></status>
</kw>
<kw library="SwingLibrary" name="Get Button Text">
<doc>Uses current context to search for a button and when found, returns the text it is labeled with.</doc>
<arguments>
<arg>${component}</arg>
</arguments>
<assign>
<var>${button text}</var>
</assign>
<msg level="INFO" timestamp="20150916 17:41:15.293">${button text} = O</msg>
<status endtime="20150916 17:41:15.293" starttime="20150916 17:41:15.277" status="PASS"></status>
</kw>
<kw library="BuiltIn" name="Should Be Equal">
<doc>Fails if the given objects are unequal.</doc>
<arguments>
<arg>${button text}</arg>
<arg>${mark}</arg>
</arguments>
<status endtime="20150916 17:41:15.308" starttime="20150916 17:41:15.293" status="PASS"></status>
</kw>
<status endtime="20150916 17:41:15.308" starttime="20150916 17:41:15.277" status="PASS"></status>
</kw>
<kw name="Mark Location">
<arguments>
<arg>0</arg>
<arg>0</arg>
</arguments>
<kw library="BuiltIn" name="Catenate">
<doc>Catenates the given items together and returns the resulted string.</doc>
<arguments>
<arg>SEPARATOR=</arg>
<arg>Location</arg>
<arg>${row}</arg>
<arg>${col}</arg>
</arguments>
<assign>
<var>${component}</var>
</assign>
<msg level="INFO" timestamp="20150916 17:41:15.308">${component} = Location00</msg>
<status endtime="20150916 17:41:15.308" starttime="20150916 17:41:15.308" status="PASS"></status>
</kw>
<kw library="SwingLibrary" name="Click On Component">
<doc>Clicks on a component.</doc>
<arguments>
<arg>${component}</arg>
</arguments>
<status endtime="20150916 17:41:15.324" starttime="20150916 17:41:15.324" status="PASS"></status>
</kw>
<kw library="BuiltIn" name="Sleep">
<doc>Pauses the test executed for the given time.</doc>
<arguments>
<arg>.1s</arg>
</arguments>
<msg level="INFO" timestamp="20150916 17:41:15.441">Slept 100 milliseconds</msg>
<status endtime="20150916 17:41:15.441" starttime="20150916 17:41:15.324" status="PASS"></status>
</kw>
<status endtime="20150916 17:41:15.441" starttime="20150916 17:41:15.308" status="PASS"></status>
</kw>
<kw name="Check Location">
<arguments>
<arg>0</arg>
<arg>0</arg>
<arg>X</arg>
</arguments>
<kw library="BuiltIn" name="Catenate">
<doc>Catenates the given items together and returns the resulted string.</doc>
<arguments>
<arg>SEPARATOR=</arg>
<arg>Location</arg>
<arg>${row}</arg>
<arg>${col}</arg>
</arguments>
<assign>
<var>${component}</var>
</assign>
<msg level="INFO" timestamp="20150916 17:41:15.441">${component} = Location00</msg>
<status endtime="20150916 17:41:15.441" starttime="20150916 17:41:15.441" status="PASS"></status>
</kw>
<kw library="SwingLibrary" name="Get Button Text">
<doc>Uses current context to search for a button and when found, returns the text it is labeled with.</doc>
<arguments>
<arg>${component}</arg>
</arguments>
<assign>
<var>${button text}</var>
</assign>
<msg level="INFO" timestamp="20150916 17:41:15.456">${button text} = X</msg>
<status endtime="20150916 17:41:15.456" starttime="20150916 17:41:15.441" status="PASS"></status>
</kw>
<kw library="BuiltIn" name="Should Be Equal">
<doc>Fails if the given objects are unequal.</doc>
<arguments>
<arg>${button text}</arg>
<arg>${mark}</arg>
</arguments>
<status endtime="20150916 17:41:15.456" starttime="20150916 17:41:15.456" status="PASS"></status>
</kw>
<status endtime="20150916 17:41:15.456" starttime="20150916 17:41:15.441" status="PASS"></status>
</kw>
<kw name="Mark Location">
<arguments>
<arg>2</arg>
<arg>2</arg>
</arguments>
<kw library="BuiltIn" name="Catenate">
<doc>Catenates the given items together and returns the resulted string.</doc>
<arguments>
<arg>SEPARATOR=</arg>
<arg>Location</arg>
<arg>${row}</arg>
<arg>${col}</arg>
</arguments>
<assign>
<var>${component}</var>
</assign>
<msg level="INFO" timestamp="20150916 17:41:15.472">${component} = Location22</msg>
<status endtime="20150916 17:41:15.472" starttime="20150916 17:41:15.472" status="PASS"></status>
</kw>
<kw library="SwingLibrary" name="Click On Component">
<doc>Clicks on a component.</doc>
<arguments>
<arg>${component}</arg>
</arguments>
<status endtime="20150916 17:41:15.488" starttime="20150916 17:41:15.472" status="PASS"></status>
</kw>
<kw library="BuiltIn" name="Sleep">
<doc>Pauses the test executed for the given time.</doc>
<arguments>
<arg>.1s</arg>
</arguments>
<msg level="INFO" timestamp="20150916 17:41:15.599">Slept 100 milliseconds</msg>
<status endtime="20150916 17:41:15.599" starttime="20150916 17:41:15.488" status="PASS"></status>
</kw>
<status endtime="20150916 17:41:15.599" starttime="20150916 17:41:15.456" status="PASS"></status>
</kw>
<kw name="Check Location">
<arguments>
<arg>2</arg>
<arg>2</arg>
<arg>O</arg>
</arguments>
<kw library="BuiltIn" name="Catenate">
<doc>Catenates the given items together and returns the resulted string.</doc>
<arguments>
<arg>SEPARATOR=</arg>
<arg>Location</arg>
<arg>${row}</arg>
<arg>${col}</arg>
</arguments>
<assign>
<var>${component}</var>
</assign>
<msg level="INFO" timestamp="20150916 17:41:15.599">${component} = Location22</msg>
<status endtime="20150916 17:41:15.599" starttime="20150916 17:41:15.599" status="PASS"></status>
</kw>
<kw library="SwingLibrary" name="Get Button Text">
<doc>Uses current context to search for a button and when found, returns the text it is labeled with.</doc>
<arguments>
<arg>${component}</arg>
</arguments>
<assign>
<var>${button text}</var>
</assign>
<msg level="INFO" timestamp="20150916 17:41:15.614">${button text} = O</msg>
<status endtime="20150916 17:41:15.614" starttime="20150916 17:41:15.599" status="PASS"></status>
</kw>
<kw library="BuiltIn" name="Should Be Equal">
<doc>Fails if the given objects are unequal.</doc>
<arguments>
<arg>${button text}</arg>
<arg>${mark}</arg>
</arguments>
<status endtime="20150916 17:41:15.614" starttime="20150916 17:41:15.614" status="PASS"></status>
</kw>
<status endtime="20150916 17:41:15.614" starttime="20150916 17:41:15.599" status="PASS"></status>
</kw>
<kw name="Mark Location">
<arguments>
<arg>0</arg>
<arg>2</arg>
</arguments>
<kw library="BuiltIn" name="Catenate">
<doc>Catenates the given items together and returns the resulted string.</doc>
<arguments>
<arg>SEPARATOR=</arg>
<arg>Location</arg>
<arg>${row}</arg>
<arg>${col}</arg>
</arguments>
<assign>
<var>${component}</var>
</assign>
<msg level="INFO" timestamp="20150916 17:41:15.630">${component} = Location02</msg>
<status endtime="20150916 17:41:15.630" starttime="20150916 17:41:15.630" status="PASS"></status>
</kw>
<kw library="SwingLibrary" name="Click On Component">
<doc>Clicks on a component.</doc>
<arguments>
<arg>${component}</arg>
</arguments>
<status endtime="20150916 17:41:15.646" starttime="20150916 17:41:15.630" status="PASS"></status>
</kw>
<kw library="BuiltIn" name="Sleep">
<doc>Pauses the test executed for the given time.</doc>
<arguments>
<arg>.1s</arg>
</arguments>
<msg level="INFO" timestamp="20150916 17:41:15.759">Slept 100 milliseconds</msg>
<status endtime="20150916 17:41:15.759" starttime="20150916 17:41:15.646" status="PASS"></status>
</kw>
<status endtime="20150916 17:41:15.759" starttime="20150916 17:41:15.614" status="PASS"></status>
</kw>
<kw name="Check Location">
<arguments>
<arg>0</arg>
<arg>2</arg>
<arg>X</arg>
</arguments>
<kw library="BuiltIn" name="Catenate">
<doc>Catenates the given items together and returns the resulted string.</doc>
<arguments>
<arg>SEPARATOR=</arg>
<arg>Location</arg>
<arg>${row}</arg>
<arg>${col}</arg>
</arguments>
<assign>
<var>${component}</var>
</assign>
<msg level="INFO" timestamp="20150916 17:41:15.759">${component} = Location02</msg>
<status endtime="20150916 17:41:15.759" starttime="20150916 17:41:15.759" status="PASS"></status>
</kw>
<kw library="SwingLibrary" name="Get Button Text">
<doc>Uses current context to search for a button and when found, returns the text it is labeled with.</doc>
<arguments>
<arg>${component}</arg>
</arguments>
<assign>
<var>${button text}</var>
</assign>
<msg level="INFO" timestamp="20150916 17:41:15.774">${button text} = X</msg>
<status endtime="20150916 17:41:15.774" starttime="20150916 17:41:15.759" status="PASS"></status>
</kw>
<kw library="BuiltIn" name="Should Be Equal">
<doc>Fails if the given objects are unequal.</doc>
<arguments>
<arg>${button text}</arg>
<arg>${mark}</arg>
</arguments>
<status endtime="20150916 17:41:15.774" starttime="20150916 17:41:15.774" status="PASS"></status>
</kw>
<status endtime="20150916 17:41:15.774" starttime="20150916 17:41:15.759" status="PASS"></status>
</kw>
<kw name="Mark Location">
<arguments>
<arg>2</arg>
<arg>1</arg>
</arguments>
<kw library="BuiltIn" name="Catenate">
<doc>Catenates the given items together and returns the resulted string.</doc>
<arguments>
<arg>SEPARATOR=</arg>
<arg>Location</arg>
<arg>${row}</arg>
<arg>${col}</arg>
</arguments>
<assign>
<var>${component}</var>
</assign>
<msg level="INFO" timestamp="20150916 17:41:15.790">${component} = Location21</msg>
<status endtime="20150916 17:41:15.790" starttime="20150916 17:41:15.774" status="PASS"></status>
</kw>
<kw library="SwingLibrary" name="Click On Component">
<doc>Clicks on a component.</doc>
<arguments>
<arg>${component}</arg>
</arguments>
<status endtime="20150916 17:41:15.806" starttime="20150916 17:41:15.790" status="PASS"></status>
</kw>
<kw library="BuiltIn" name="Sleep">
<doc>Pauses the test executed for the given time.</doc>
<arguments>
<arg>.1s</arg>
</arguments>
<msg level="INFO" timestamp="20150916 17:41:15.912">Slept 100 milliseconds</msg>
<status endtime="20150916 17:41:15.912" starttime="20150916 17:41:15.806" status="PASS"></status>
</kw>
<status endtime="20150916 17:41:15.912" starttime="20150916 17:41:15.774" status="PASS"></status>
</kw>
<kw name="Check Location">
<arguments>
<arg>2</arg>
<arg>1</arg>
<arg>O</arg>
</arguments>
<kw library="BuiltIn" name="Catenate">
<doc>Catenates the given items together and returns the resulted string.</doc>
<arguments>
<arg>SEPARATOR=</arg>
<arg>Location</arg>
<arg>${row}</arg>
<arg>${col}</arg>
</arguments>
<assign>
<var>${component}</var>
</assign>
<msg level="INFO" timestamp="20150916 17:41:15.912">${component} = Location21</msg>
<status endtime="20150916 17:41:15.912" starttime="20150916 17:41:15.912" status="PASS"></status>
</kw>
<kw library="SwingLibrary" name="Get Button Text">
<doc>Uses current context to search for a button and when found, returns the text it is labeled with.</doc>
<arguments>
<arg>${component}</arg>
</arguments>
<assign>
<var>${button text}</var>
</assign>
<msg level="INFO" timestamp="20150916 17:41:15.943">${button text} = O</msg>
<status endtime="20150916 17:41:15.943" starttime="20150916 17:41:15.912" status="PASS"></status>
</kw>
<kw library="BuiltIn" name="Should Be Equal">
<doc>Fails if the given objects are unequal.</doc>
<arguments>
<arg>${button text}</arg>
<arg>${mark}</arg>
</arguments>
<status endtime="20150916 17:41:15.959" starttime="20150916 17:41:15.943" status="PASS"></status>
</kw>
<status endtime="20150916 17:41:15.959" starttime="20150916 17:41:15.912" status="PASS"></status>
</kw>
<kw name="Winner Should Be">
<arguments>
<arg>O</arg>
</arguments>
<kw library="SwingLibrary" name="Select Dialog">
<doc>Selects a dialog as current context and sets focus to it.</doc>
<arguments>
<arg>Game Over</arg>
</arguments>
<status endtime="20150916 17:41:15.990" starttime="20150916 17:41:15.975" status="PASS"></status>
</kw>
<kw library="BuiltIn" name="Catenate">
<doc>Catenates the given items together and returns the resulted string.</doc>
<arguments>
<arg>The winner is</arg>
<arg>${winner}</arg>
</arguments>
<assign>
<var>${message}</var>
</assign>
<msg level="INFO" timestamp="20150916 17:41:16.006">${message} = The winner is O</msg>
<status endtime="20150916 17:41:16.022" starttime="20150916 17:41:16.006" status="PASS"></status>
</kw>
<kw library="SwingLibrary" name="Label Text Should Be">
<doc>Checks the equality of given text and the text displayed on a label.</doc>
<arguments>
<arg>OptionPane.label</arg>
<arg>${message}</arg>
</arguments>
<status endtime="20150916 17:41:16.037" starttime="20150916 17:41:16.022" status="PASS"></status>
</kw>
<kw library="SwingLibrary" name="Close Dialog">
<doc>Closes a dialog.</doc>
<arguments>
<arg>Game Over</arg>
</arguments>
<status endtime="20150916 17:41:16.115" starttime="20150916 17:41:16.053" status="PASS"></status>
</kw>
<kw library="SwingLibrary" name="Close Window">
<doc>Closes a window.</doc>
<arguments>
<arg>Tic Tac Toe</arg>
</arguments>
<status endtime="20150916 17:41:16.287" starttime="20150916 17:41:16.131" status="PASS"></status>
</kw>
<status endtime="20150916 17:41:16.287" starttime="20150916 17:41:15.975" status="PASS"></status>
</kw>
<status critical="yes" endtime="20150916 17:41:16.287" starttime="20150916 17:41:14.925" status="PASS"></status>
</test>
<test name="Force a Tie" id="s1-t3">
<kw name="Start New Game">
<kw library="SwingLibrary" name="Start Application">
<doc>Alias for `Launch Application` keyword</doc>
<arguments>
<arg>TicTacToeGUI</arg>
</arguments>
<status endtime="20150916 17:41:16.365" starttime="20150916 17:41:16.334" status="PASS"></status>
</kw>
<kw library="SwingLibrary" name="Select Window">
<doc>Selects a window as current context and sets focus to it.</doc>
<arguments>
<arg>Tic Tac Toe</arg>
</arguments>
<status endtime="20150916 17:41:16.443" starttime="20150916 17:41:16.381" status="PASS"></status>
</kw>
<status endtime="20150916 17:41:16.443" starttime="20150916 17:41:16.318" status="PASS"></status>
</kw>
<kw name="Mark Location">
<arguments>
<arg>1</arg>
<arg>1</arg>
</arguments>
<kw library="BuiltIn" name="Catenate">
<doc>Catenates the given items together and returns the resulted string.</doc>
<arguments>
<arg>SEPARATOR=</arg>
<arg>Location</arg>
<arg>${row}</arg>
<arg>${col}</arg>
</arguments>
<assign>
<var>${component}</var>
</assign>
<msg level="INFO" timestamp="20150916 17:41:16.490">${component} = Location11</msg>
<status endtime="20150916 17:41:16.490" starttime="20150916 17:41:16.475" status="PASS"></status>
</kw>
<kw library="SwingLibrary" name="Click On Component">
<doc>Clicks on a component.</doc>
<arguments>
<arg>${component}</arg>
</arguments>
<status endtime="20150916 17:41:16.568" starttime="20150916 17:41:16.490" status="PASS"></status>
</kw>
<kw library="BuiltIn" name="Sleep">
<doc>Pauses the test executed for the given time.</doc>
<arguments>
<arg>.1s</arg>
</arguments>
<msg level="INFO" timestamp="20150916 17:41:16.685">Slept 100 milliseconds</msg>
<status endtime="20150916 17:41:16.685" starttime="20150916 17:41:16.568" status="PASS"></status>
</kw>
<status endtime="20150916 17:41:16.685" starttime="20150916 17:41:16.459" status="PASS"></status>
</kw>
<kw name="Check Location">
<arguments>
<arg>1</arg>
<arg>1</arg>
<arg>X</arg>
</arguments>
<kw library="BuiltIn" name="Catenate">
<doc>Catenates the given items together and returns the resulted string.</doc>
<arguments>
<arg>SEPARATOR=</arg>
<arg>Location</arg>
<arg>${row}</arg>
<arg>${col}</arg>
</arguments>
<assign>
<var>${component}</var>
</assign>
<msg level="INFO" timestamp="20150916 17:41:16.716">${component} = Location11</msg>
<status endtime="20150916 17:41:16.716" starttime="20150916 17:41:16.701" status="PASS"></status>
</kw>
<kw library="SwingLibrary" name="Get Button Text">
<doc>Uses current context to search for a button and when found, returns the text it is labeled with.</doc>
<arguments>
<arg>${component}</arg>
</arguments>
<assign>
<var>${button text}</var>
</assign>
<msg level="INFO" timestamp="20150916 17:41:16.748">${button text} = X</msg>
<status endtime="20150916 17:41:16.748" starttime="20150916 17:41:16.732" status="PASS"></status>
</kw>
<kw library="BuiltIn" name="Should Be Equal">
<doc>Fails if the given objects are unequal.</doc>
<arguments>
<arg>${button text}</arg>
<arg>${mark}</arg>
</arguments>
<status endtime="20150916 17:41:16.763" starttime="20150916 17:41:16.763" status="PASS"></status>
</kw>
<status endtime="20150916 17:41:16.779" starttime="20150916 17:41:16.685" status="PASS"></status>
</kw>
<kw name="Mark Location">
<arguments>
<arg>0</arg>
<arg>0</arg>
</arguments>
<kw library="BuiltIn" name="Catenate">
<doc>Catenates the given items together and returns the resulted string.</doc>
<arguments>
<arg>SEPARATOR=</arg>
<arg>Location</arg>
<arg>${row}</arg>
<arg>${col}</arg>
</arguments>
<assign>
<var>${component}</var>
</assign>
<msg level="INFO" timestamp="20150916 17:41:16.794">${component} = Location00</msg>
<status endtime="20150916 17:41:16.810" starttime="20150916 17:41:16.794" status="PASS"></status>
</kw>
<kw library="SwingLibrary" name="Click On Component">
<doc>Clicks on a component.</doc>
<arguments>
<arg>${component}</arg>
</arguments>
<status endtime="20150916 17:41:16.841" starttime="20150916 17:41:16.810" status="PASS"></status>
</kw>
<kw library="BuiltIn" name="Sleep">
<doc>Pauses the test executed for the given time.</doc>
<arguments>
<arg>.1s</arg>
</arguments>
<msg level="INFO" timestamp="20150916 17:41:16.966">Slept 100 milliseconds</msg>
<status endtime="20150916 17:41:16.966" starttime="20150916 17:41:16.857" status="PASS"></status>
</kw>
<status endtime="20150916 17:41:16.966" starttime="20150916 17:41:16.779" status="PASS"></status>
</kw>
<kw name="Check Location">
<arguments>
<arg>0</arg>
<arg>0</arg>
<arg>O</arg>
</arguments>
<kw library="BuiltIn" name="Catenate">
<doc>Catenates the given items together and returns the resulted string.</doc>
<arguments>
<arg>SEPARATOR=</arg>
<arg>Location</arg>
<arg>${row}</arg>
<arg>${col}</arg>
</arguments>
<assign>
<var>${component}</var>
</assign>
<msg level="INFO" timestamp="20150916 17:41:16.981">${component} = Location00</msg>
<status endtime="20150916 17:41:16.997" starttime="20150916 17:41:16.981" status="PASS"></status>
</kw>
<kw library="SwingLibrary" name="Get Button Text">
<doc>Uses current context to search for a button and when found, returns the text it is labeled with.</doc>
<arguments>
<arg>${component}</arg>
</arguments>
<assign>
<var>${button text}</var>
</assign>
<msg level="INFO" timestamp="20150916 17:41:17.013">${button text} = O</msg>
<status endtime="20150916 17:41:17.013" starttime="20150916 17:41:16.997" status="PASS"></status>
</kw>
<kw library="BuiltIn" name="Should Be Equal">
<doc>Fails if the given objects are unequal.</doc>
<arguments>
<arg>${button text}</arg>
<arg>${mark}</arg>
</arguments>
<status endtime="20150916 17:41:17.028" starttime="20150916 17:41:17.013" status="PASS"></status>
</kw>
<status endtime="20150916 17:41:17.028" starttime="20150916 17:41:16.966" status="PASS"></status>
</kw>
<kw name="Mark Location">
<arguments>
<arg>2</arg>
<arg>0</arg>
</arguments>
<kw library="BuiltIn" name="Catenate">
<doc>Catenates the given items together and returns the resulted string.</doc>
<arguments>
<arg>SEPARATOR=</arg>
<arg>Location</arg>
<arg>${row}</arg>
<arg>${col}</arg>
</arguments>
<assign>
<var>${component}</var>
</assign>
<msg level="INFO" timestamp="20150916 17:41:17.075">${component} = Location20</msg>
<status endtime="20150916 17:41:17.075" starttime="20150916 17:41:17.059" status="PASS"></status>
</kw>
<kw library="SwingLibrary" name="Click On Component">
<doc>Clicks on a component.</doc>
<arguments>
<arg>${component}</arg>
</arguments>
<status endtime="20150916 17:41:17.138" starttime="20150916 17:41:17.091" status="PASS"></status>
</kw>
<kw library="BuiltIn" name="Sleep">
<doc>Pauses the test executed for the given time.</doc>
<arguments>
<arg>.1s</arg>
</arguments>
<msg level="INFO" timestamp="20150916 17:41:17.251">Slept 100 milliseconds</msg>
<status endtime="20150916 17:41:17.251" starttime="20150916 17:41:17.138" status="PASS"></status>
</kw>
<status endtime="20150916 17:41:17.251" starttime="20150916 17:41:17.028" status="PASS"></status>
</kw>
<kw name="Check Location">
<arguments>
<arg>2</arg>
<arg>0</arg>
<arg>X</arg>
</arguments>
<kw library="BuiltIn" name="Catenate">
<doc>Catenates the given items together and returns the resulted string.</doc>
<arguments>
<arg>SEPARATOR=</arg>
<arg>Location</arg>
<arg>${row}</arg>
<arg>${col}</arg>
</arguments>
<assign>
<var>${component}</var>
</assign>
<msg level="INFO" timestamp="20150916 17:41:17.266">${component} = Location20</msg>
<status endtime="20150916 17:41:17.266" starttime="20150916 17:41:17.266" status="PASS"></status>
</kw>
<kw library="SwingLibrary" name="Get Button Text">
<doc>Uses current context to search for a button and when found, returns the text it is labeled with.</doc>
<arguments>
<arg>${component}</arg>
</arguments>
<assign>
<var>${button text}</var>
</assign>
<msg level="INFO" timestamp="20150916 17:41:17.297">${button text} = X</msg>
<status endtime="20150916 17:41:17.297" starttime="20150916 17:41:17.282" status="PASS"></status>
</kw>
<kw library="BuiltIn" name="Should Be Equal">
<doc>Fails if the given objects are unequal.</doc>
<arguments>
<arg>${button text}</arg>
<arg>${mark}</arg>
</arguments>
<status endtime="20150916 17:41:17.313" starttime="20150916 17:41:17.313" status="PASS"></status>
</kw>
<status endtime="20150916 17:41:17.329" starttime="20150916 17:41:17.251" status="PASS"></status>
</kw>
<kw name="Mark Location">
<arguments>
<arg>0</arg>
<arg>2</arg>
</arguments>
<kw library="BuiltIn" name="Catenate">
<doc>Catenates the given items together and returns the resulted string.</doc>
<arguments>
<arg>SEPARATOR=</arg>
<arg>Location</arg>
<arg>${row}</arg>
<arg>${col}</arg>
</arguments>
<assign>
<var>${component}</var>
</assign>
<msg level="INFO" timestamp="20150916 17:41:17.360">${component} = Location02</msg>
<status endtime="20150916 17:41:17.360" starttime="20150916 17:41:17.344" status="PASS"></status>
</kw>
<kw library="SwingLibrary" name="Click On Component">
<doc>Clicks on a component.</doc>
<arguments>
<arg>${component}</arg>
</arguments>
<status endtime="20150916 17:41:17.391" starttime="20150916 17:41:17.360" status="PASS"></status>
</kw>
<kw library="BuiltIn" name="Sleep">
<doc>Pauses the test executed for the given time.</doc>
<arguments>
<arg>.1s</arg>
</arguments>
<msg level="INFO" timestamp="20150916 17:41:17.517">Slept 100 milliseconds</msg>
<status endtime="20150916 17:41:17.517" starttime="20150916 17:41:17.391" status="PASS"></status>
</kw>
<status endtime="20150916 17:41:17.517" starttime="20150916 17:41:17.329" status="PASS"></status>
</kw>
<kw name="Check Location">
<arguments>
<arg>0</arg>
<arg>2</arg>
<arg>O</arg>
</arguments>
<kw library="BuiltIn" name="Catenate">
<doc>Catenates the given items together and returns the resulted string.</doc>
<arguments>
<arg>SEPARATOR=</arg>
<arg>Location</arg>
<arg>${row}</arg>
<arg>${col}</arg>
</arguments>
<assign>
<var>${component}</var>
</assign>
<msg level="INFO" timestamp="20150916 17:41:17.548">${component} = Location02</msg>
<status endtime="20150916 17:41:17.564" starttime="20150916 17:41:17.532" status="PASS"></status>
</kw>
<kw library="SwingLibrary" name="Get Button Text">
<doc>Uses current context to search for a button and when found, returns the text it is labeled with.</doc>
<arguments>
<arg>${component}</arg>
</arguments>
<assign>
<var>${button text}</var>
</assign>
<msg level="INFO" timestamp="20150916 17:41:17.611">${button text} = O</msg>
<status endtime="20150916 17:41:17.611" starttime="20150916 17:41:17.564" status="PASS"></status>
</kw>
<kw library="BuiltIn" name="Should Be Equal">
<doc>Fails if the given objects are unequal.</doc>
<arguments>
<arg>${button text}</arg>
<arg>${mark}</arg>
</arguments>
<status endtime="20150916 17:41:17.626" starttime="20150916 17:41:17.611" status="PASS"></status>
</kw>
<status endtime="20150916 17:41:17.626" starttime="20150916 17:41:17.517" status="PASS"></status>
</kw>
<kw name="Mark Location">
<arguments>
<arg>0</arg>
<arg>1</arg>
</arguments>
<kw library="BuiltIn" name="Catenate">
<doc>Catenates the given items together and returns the resulted string.</doc>
<arguments>
<arg>SEPARATOR=</arg>
<arg>Location</arg>
<arg>${row}</arg>
<arg>${col}</arg>
</arguments>
<assign>
<var>${component}</var>
</assign>
<msg level="INFO" timestamp="20150916 17:41:17.673">${component} = Location01</msg>
<status endtime="20150916 17:41:17.673" starttime="20150916 17:41:17.657" status="PASS"></status>
</kw>
<kw library="SwingLibrary" name="Click On Component">
<doc>Clicks on a component.</doc>
<arguments>
<arg>${component}</arg>
</arguments>
<status endtime="20150916 17:41:17.704" starttime="20150916 17:41:17.673" status="PASS"></status>
</kw>
<kw library="BuiltIn" name="Sleep">
<doc>Pauses the test executed for the given time.</doc>
<arguments>
<arg>.1s</arg>
</arguments>
<msg level="INFO" timestamp="20150916 17:41:17.826">Slept 100 milliseconds</msg>
<status endtime="20150916 17:41:17.826" starttime="20150916 17:41:17.704" status="PASS"></status>
</kw>
<status endtime="20150916 17:41:17.826" starttime="20150916 17:41:17.642" status="PASS"></status>
</kw>
<kw name="Check Location">
<arguments>
<arg>0</arg>
<arg>1</arg>
<arg>X</arg>
</arguments>
<kw library="BuiltIn" name="Catenate">
<doc>Catenates the given items together and returns the resulted string.</doc>
<arguments>
<arg>SEPARATOR=</arg>
<arg>Location</arg>
<arg>${row}</arg>
<arg>${col}</arg>
</arguments>
<assign>
<var>${component}</var>
</assign>
<msg level="INFO" timestamp="20150916 17:41:17.857">${component} = Location01</msg>
<status endtime="20150916 17:41:17.857" starttime="20150916 17:41:17.841" status="PASS"></status>
</kw>
<kw library="SwingLibrary" name="Get Button Text">
<doc>Uses current context to search for a button and when found, returns the text it is labeled with.</doc>
<arguments>
<arg>${component}</arg>
</arguments>
<assign>
<var>${button text}</var>
</assign>
<msg level="INFO" timestamp="20150916 17:41:17.872">${button text} = X</msg>
<status endtime="20150916 17:41:17.872" starttime="20150916 17:41:17.857" status="PASS"></status>
</kw>
<kw library="BuiltIn" name="Should Be Equal">
<doc>Fails if the given objects are unequal.</doc>
<arguments>
<arg>${button text}</arg>
<arg>${mark}</arg>
</arguments>
<status endtime="20150916 17:41:17.888" starttime="20150916 17:41:17.872" status="PASS"></status>
</kw>
<status endtime="20150916 17:41:17.888" starttime="20150916 17:41:17.826" status="PASS"></status>
</kw>
<kw name="Mark Location">
<arguments>
<arg>2</arg>
<arg>1</arg>
</arguments>
<kw library="BuiltIn" name="Catenate">
<doc>Catenates the given items together and returns the resulted string.</doc>
<arguments>
<arg>SEPARATOR=</arg>
<arg>Location</arg>
<arg>${row}</arg>
<arg>${col}</arg>
</arguments>
<assign>
<var>${component}</var>
</assign>
<msg level="INFO" timestamp="20150916 17:41:17.919">${component} = Location21</msg>
<status endtime="20150916 17:41:17.919" starttime="20150916 17:41:17.904" status="PASS"></status>
</kw>
<kw library="SwingLibrary" name="Click On Component">
<doc>Clicks on a component.</doc>
<arguments>
<arg>${component}</arg>
</arguments>
<status endtime="20150916 17:41:17.935" starttime="20150916 17:41:17.919" status="PASS"></status>
</kw>
<kw library="BuiltIn" name="Sleep">
<doc>Pauses the test executed for the given time.</doc>
<arguments>
<arg>.1s</arg>
</arguments>
<msg level="INFO" timestamp="20150916 17:41:18.056">Slept 100 milliseconds</msg>
<status endtime="20150916 17:41:18.056" starttime="20150916 17:41:17.951" status="PASS"></status>
</kw>
<status endtime="20150916 17:41:18.056" starttime="20150916 17:41:17.888" status="PASS"></status>
</kw>
<kw name="Check Location">
<arguments>
<arg>2</arg>
<arg>1</arg>
<arg>O</arg>
</arguments>
<kw library="BuiltIn" name="Catenate">
<doc>Catenates the given items together and returns the resulted string.</doc>
<arguments>
<arg>SEPARATOR=</arg>
<arg>Location</arg>
<arg>${row}</arg>
<arg>${col}</arg>
</arguments>
<assign>
<var>${component}</var>
</assign>
<msg level="INFO" timestamp="20150916 17:41:18.087">${component} = Location21</msg>
<status endtime="20150916 17:41:18.087" starttime="20150916 17:41:18.071" status="PASS"></status>
</kw>
<kw library="SwingLibrary" name="Get Button Text">
<doc>Uses current context to search for a button and when found, returns the text it is labeled with.</doc>
<arguments>
<arg>${component}</arg>
</arguments>
<assign>
<var>${button text}</var>
</assign>
<msg level="INFO" timestamp="20150916 17:41:18.134">${button text} = O</msg>
<status endtime="20150916 17:41:18.134" starttime="20150916 17:41:18.087" status="PASS"></status>
</kw>
<kw library="BuiltIn" name="Should Be Equal">
<doc>Fails if the given objects are unequal.</doc>
<arguments>
<arg>${button text}</arg>
<arg>${mark}</arg>
</arguments>
<status endtime="20150916 17:41:18.150" starttime="20150916 17:41:18.134" status="PASS"></status>
</kw>
<status endtime="20150916 17:41:18.150" starttime="20150916 17:41:18.056" status="PASS"></status>
</kw>
<kw name="Mark Location">
<arguments>
<arg>1</arg>
<arg>2</arg>
</arguments>
<kw library="BuiltIn" name="Catenate">
<doc>Catenates the given items together and returns the resulted string.</doc>
<arguments>
<arg>SEPARATOR=</arg>
<arg>Location</arg>
<arg>${row}</arg>
<arg>${col}</arg>
</arguments>
<assign>
<var>${component}</var>
</assign>
<msg level="INFO" timestamp="20150916 17:41:18.181">${component} = Location12</msg>
<status endtime="20150916 17:41:18.181" starttime="20150916 17:41:18.165" status="PASS"></status>
</kw>
<kw library="SwingLibrary" name="Click On Component">
<doc>Clicks on a component.</doc>
<arguments>
<arg>${component}</arg>
</arguments>
<status endtime="20150916 17:41:18.228" starttime="20150916 17:41:18.196" status="PASS"></status>
</kw>
<kw library="BuiltIn" name="Sleep">
<doc>Pauses the test executed for the given time.</doc>
<arguments>
<arg>.1s</arg>
</arguments>
<msg level="INFO" timestamp="20150916 17:41:18.345">Slept 100 milliseconds</msg>
<status endtime="20150916 17:41:18.345" starttime="20150916 17:41:18.228" status="PASS"></status>
</kw>
<status endtime="20150916 17:41:18.345" starttime="20150916 17:41:18.150" status="PASS"></status>
</kw>
<kw name="Check Location">
<arguments>
<arg>1</arg>
<arg>2</arg>
<arg>X</arg>
</arguments>
<kw library="BuiltIn" name="Catenate">
<doc>Catenates the given items together and returns the resulted string.</doc>
<arguments>
<arg>SEPARATOR=</arg>
<arg>Location</arg>
<arg>${row}</arg>
<arg>${col}</arg>
</arguments>
<assign>
<var>${component}</var>
</assign>
<msg level="INFO" timestamp="20150916 17:41:18.377">${component} = Location12</msg>
<status endtime="20150916 17:41:18.377" starttime="20150916 17:41:18.361" status="PASS"></status>
</kw>
<kw library="SwingLibrary" name="Get Button Text">
<doc>Uses current context to search for a button and when found, returns the text it is labeled with.</doc>
<arguments>
<arg>${component}</arg>
</arguments>
<assign>
<var>${button text}</var>
</assign>
<msg level="INFO" timestamp="20150916 17:41:18.392">${button text} = X</msg>
<status endtime="20150916 17:41:18.392" starttime="20150916 17:41:18.377" status="PASS"></status>
</kw>
<kw library="BuiltIn" name="Should Be Equal">
<doc>Fails if the given objects are unequal.</doc>
<arguments>
<arg>${button text}</arg>
<arg>${mark}</arg>
</arguments>
<status endtime="20150916 17:41:18.408" starttime="20150916 17:41:18.392" status="PASS"></status>
</kw>
<status endtime="20150916 17:41:18.408" starttime="20150916 17:41:18.345" status="PASS"></status>
</kw>
<kw name="Mark Location">
<arguments>
<arg>1</arg>
<arg>0</arg>
</arguments>
<kw library="BuiltIn" name="Catenate">
<doc>Catenates the given items together and returns the resulted string.</doc>
<arguments>
<arg>SEPARATOR=</arg>
<arg>Location</arg>
<arg>${row}</arg>
<arg>${col}</arg>
</arguments>
<assign>
<var>${component}</var>
</assign>
<msg level="INFO" timestamp="20150916 17:41:18.439">${component} = Location10</msg>
<status endtime="20150916 17:41:18.439" starttime="20150916 17:41:18.423" status="PASS"></status>
</kw>
<kw library="SwingLibrary" name="Click On Component">
<doc>Clicks on a component.</doc>
<arguments>
<arg>${component}</arg>
</arguments>
<status endtime="20150916 17:41:18.486" starttime="20150916 17:41:18.439" status="PASS"></status>
</kw>
<kw library="BuiltIn" name="Sleep">
<doc>Pauses the test executed for the given time.</doc>
<arguments>
<arg>.1s</arg>
</arguments>
<msg level="INFO" timestamp="20150916 17:41:18.599">Slept 100 milliseconds</msg>
<status endtime="20150916 17:41:18.599" starttime="20150916 17:41:18.486" status="PASS"></status>
</kw>
<status endtime="20150916 17:41:18.599" starttime="20150916 17:41:18.408" status="PASS"></status>
</kw>
<kw name="Check Location">
<arguments>
<arg>1</arg>
<arg>0</arg>
<arg>O</arg>
</arguments>
<kw library="BuiltIn" name="Catenate">
<doc>Catenates the given items together and returns the resulted string.</doc>
<arguments>
<arg>SEPARATOR=</arg>
<arg>Location</arg>
<arg>${row}</arg>
<arg>${col}</arg>
</arguments>
<assign>
<var>${component}</var>
</assign>
<msg level="INFO" timestamp="20150916 17:41:18.615">${component} = Location10</msg>
<status endtime="20150916 17:41:18.615" starttime="20150916 17:41:18.615" status="PASS"></status>
</kw>
<kw library="SwingLibrary" name="Get Button Text">
<doc>Uses current context to search for a button and when found, returns the text it is labeled with.</doc>
<arguments>
<arg>${component}</arg>
</arguments>
<assign>
<var>${button text}</var>
</assign>
<msg level="INFO" timestamp="20150916 17:41:18.646">${button text} = O</msg>
<status endtime="20150916 17:41:18.646" starttime="20150916 17:41:18.630" status="PASS"></status>
</kw>
<kw library="BuiltIn" name="Should Be Equal">
<doc>Fails if the given objects are unequal.</doc>
<arguments>
<arg>${button text}</arg>
<arg>${mark}</arg>
</arguments>
<status endtime="20150916 17:41:18.661" starttime="20150916 17:41:18.661" status="PASS"></status>
</kw>
<status endtime="20150916 17:41:18.661" starttime="20150916 17:41:18.599" status="PASS"></status>
</kw>
<kw name="Mark Location">
<arguments>
<arg>2</arg>
<arg>2</arg>
</arguments>
<kw library="BuiltIn" name="Catenate">
<doc>Catenates the given items together and returns the resulted string.</doc>
<arguments>
<arg>SEPARATOR=</arg>
<arg>Location</arg>
<arg>${row}</arg>
<arg>${col}</arg>
</arguments>
<assign>
<var>${component}</var>
</assign>
<msg level="INFO" timestamp="20150916 17:41:18.693">${component} = Location22</msg>
<status endtime="20150916 17:41:18.693" starttime="20150916 17:41:18.677" status="PASS"></status>
</kw>
<kw library="SwingLibrary" name="Click On Component">
<doc>Clicks on a component.</doc>
<arguments>
<arg>${component}</arg>
</arguments>
<status endtime="20150916 17:41:18.708" starttime="20150916 17:41:18.693" status="PASS"></status>
</kw>
<kw library="BuiltIn" name="Sleep">
<doc>Pauses the test executed for the given time.</doc>
<arguments>
<arg>.1s</arg>
</arguments>
<msg level="INFO" timestamp="20150916 17:41:18.834">Slept 100 milliseconds</msg>
<status endtime="20150916 17:41:18.834" starttime="20150916 17:41:18.724" status="PASS"></status>
</kw>
<status endtime="20150916 17:41:18.834" starttime="20150916 17:41:18.677" status="PASS"></status>
</kw>
<kw name="Check Location">
<arguments>
<arg>2</arg>
<arg>2</arg>
<arg>X</arg>
</arguments>
<kw library="BuiltIn" name="Catenate">
<doc>Catenates the given items together and returns the resulted string.</doc>
<arguments>
<arg>SEPARATOR=</arg>
<arg>Location</arg>
<arg>${row}</arg>
<arg>${col}</arg>
</arguments>
<assign>
<var>${component}</var>
</assign>
<msg level="INFO" timestamp="20150916 17:41:18.849">${component} = Location22</msg>
<status endtime="20150916 17:41:18.849" starttime="20150916 17:41:18.834" status="PASS"></status>
</kw>
<kw library="SwingLibrary" name="Get Button Text">
<doc>Uses current context to search for a button and when found, returns the text it is labeled with.</doc>
<arguments>
<arg>${component}</arg>
</arguments>
<assign>
<var>${button text}</var>
</assign>
<msg level="INFO" timestamp="20150916 17:41:18.880">${button text} = X</msg>
<status endtime="20150916 17:41:18.880" starttime="20150916 17:41:18.849" status="PASS"></status>
</kw>
<kw library="BuiltIn" name="Should Be Equal">
<doc>Fails if the given objects are unequal.</doc>
<arguments>
<arg>${button text}</arg>
<arg>${mark}</arg>
</arguments>
<status endtime="20150916 17:41:18.896" starttime="20150916 17:41:18.896" status="PASS"></status>
</kw>
<status endtime="20150916 17:41:18.896" starttime="20150916 17:41:18.834" status="PASS"></status>
</kw>
<kw name="Winner Should Be">
<arguments>
<arg>TIE</arg>
</arguments>
<kw library="SwingLibrary" name="Select Dialog">
<doc>Selects a dialog as current context and sets focus to it.</doc>
<arguments>
<arg>Game Over</arg>
</arguments>
<status endtime="20150916 17:41:18.927" starttime="20150916 17:41:18.912" status="PASS"></status>
</kw>
<kw library="BuiltIn" name="Catenate">
<doc>Catenates the given items together and returns the resulted string.</doc>
<arguments>
<arg>The winner is</arg>
<arg>${winner}</arg>
</arguments>
<assign>
<var>${message}</var>
</assign>
<msg level="INFO" timestamp="20150916 17:41:18.927">${message} = The winner is TIE</msg>
<status endtime="20150916 17:41:18.927" starttime="20150916 17:41:18.927" status="PASS"></status>
</kw>
<kw library="SwingLibrary" name="Label Text Should Be">
<doc>Checks the equality of given text and the text displayed on a label.</doc>
<arguments>
<arg>OptionPane.label</arg>
<arg>${message}</arg>
</arguments>
<status endtime="20150916 17:41:18.959" starttime="20150916 17:41:18.943" status="PASS"></status>
</kw>
<kw library="SwingLibrary" name="Close Dialog">
<doc>Closes a dialog.</doc>
<arguments>
<arg>Game Over</arg>
</arguments>
<status endtime="20150916 17:41:18.990" starttime="20150916 17:41:18.959" status="PASS"></status>
</kw>
<kw library="SwingLibrary" name="Close Window">
<doc>Closes a window.</doc>
<arguments>
<arg>Tic Tac Toe</arg>
</arguments>
<status endtime="20150916 17:41:19.146" starttime="20150916 17:41:18.990" status="PASS"></status>
</kw>
<status endtime="20150916 17:41:19.146" starttime="20150916 17:41:18.896" status="PASS"></status>
</kw>
<status critical="yes" endtime="20150916 17:41:19.146" starttime="20150916 17:41:16.303" status="PASS"></status>
</test>
<status endtime="20150916 17:41:19.177" starttime="20150916 17:41:11.764" status="PASS"></status>
</suite>
<statistics>
<total>
<stat pass="3" fail="0">Critical Tests</stat>
<stat pass="3" fail="0">All Tests</stat>
</total>
<tag>
</tag>
<suite>
<stat pass="3" fail="0" name="TicTacToeGUITests" id="s1">TicTacToeGUITests</stat>
</suite>
</statistics>
<errors>
</errors>
</robot>
