<?xml version="1.0" encoding="UTF-8"?>
<robot generator="Robot 2.9 (Jython 2.7.0 on java1.8.0_60)" generated="20150916 09:01:55.152">
<suite source="C:\Users\HP Laptop\Documents\GitHub\tic-tac-toe-gui\TicTacToe GUI w Acceptance tests After Running\TicTacToeGUI.txt" name="TicTacToeGUI" id="s1">
<test name="Win Diagonally as X" id="s1-t1">
<kw name="Start New Game">
<kw library="SwingLibrary" name="Start Application">
<doc>Alias for `Launch Application` keyword</doc>
<arguments>
<arg>TicTacToeGUI</arg>
</arguments>
<status endtime="20150916 09:01:56.650" starttime="20150916 09:01:56.489" status="PASS"></status>
</kw>
<kw library="SwingLibrary" name="Select Window">
<doc>Selects a window as current context and sets focus to it.</doc>
<arguments>
<arg>Tic Tac Toe</arg>
</arguments>
<status endtime="20150916 09:01:57.755" starttime="20150916 09:01:56.653" status="PASS"></status>
</kw>
<status endtime="20150916 09:01:57.755" starttime="20150916 09:01:56.483" status="PASS"></status>
</kw>
<kw name="Mark Location">
<arguments>
<arg>1</arg>
<arg>1</arg>
</arguments>
<kw library="BuiltIn" name="Catenate">
<doc>Catenates the given items together and returns the resulted string.</doc>
<arguments>
<arg>SEPARATOR=</arg>
<arg>Location</arg>
<arg>${row}</arg>
<arg>${col}</arg>
</arguments>
<assign>
<var>${component}</var>
</assign>
<msg level="INFO" timestamp="20150916 09:01:57.771">${component} = Location11</msg>
<status endtime="20150916 09:01:57.771" starttime="20150916 09:01:57.755" status="PASS"></status>
</kw>
<kw library="SwingLibrary" name="Click On Component">
<doc>Clicks on a component.</doc>
<arguments>
<arg>${component}</arg>
</arguments>
<status endtime="20150916 09:01:57.817" starttime="20150916 09:01:57.771" status="PASS"></status>
</kw>
<status endtime="20150916 09:01:57.817" starttime="20150916 09:01:57.755" status="PASS"></status>
</kw>
<kw name="Check Location">
<arguments>
<arg>1</arg>
<arg>1</arg>
<arg>X</arg>
</arguments>
<kw library="BuiltIn" name="Catenate">
<doc>Catenates the given items together and returns the resulted string.</doc>
<arguments>
<arg>SEPARATOR=</arg>
<arg>Location</arg>
<arg>${row}</arg>
<arg>${col}</arg>
</arguments>
<assign>
<var>${component}</var>
</assign>
<msg level="INFO" timestamp="20150916 09:01:57.833">${component} = Location11</msg>
<status endtime="20150916 09:01:57.833" starttime="20150916 09:01:57.833" status="PASS"></status>
</kw>
<kw library="SwingLibrary" name="Get Button Text">
<doc>Uses current context to search for a button and when found, returns the text it is labeled with.</doc>
<arguments>
<arg>${component}</arg>
</arguments>
<assign>
<var>${button text}</var>
</assign>
<msg level="INFO" timestamp="20150916 09:01:57.911">${button text} = X</msg>
<status endtime="20150916 09:01:57.911" starttime="20150916 09:01:57.833" status="PASS"></status>
</kw>
<kw library="BuiltIn" name="Should Be Equal">
<doc>Fails if the given objects are unequal.</doc>
<arguments>
<arg>${button text}</arg>
<arg>${mark}</arg>
</arguments>
<status endtime="20150916 09:01:57.911" starttime="20150916 09:01:57.911" status="PASS"></status>
</kw>
<status endtime="20150916 09:01:57.911" starttime="20150916 09:01:57.817" status="PASS"></status>
</kw>
<kw name="Mark Location">
<arguments>
<arg>0</arg>
<arg>1</arg>
</arguments>
<kw library="BuiltIn" name="Catenate">
<doc>Catenates the given items together and returns the resulted string.</doc>
<arguments>
<arg>SEPARATOR=</arg>
<arg>Location</arg>
<arg>${row}</arg>
<arg>${col}</arg>
</arguments>
<assign>
<var>${component}</var>
</assign>
<msg level="INFO" timestamp="20150916 09:01:57.927">${component} = Location01</msg>
<status endtime="20150916 09:01:57.927" starttime="20150916 09:01:57.927" status="PASS"></status>
</kw>
<kw library="SwingLibrary" name="Click On Component">
<doc>Clicks on a component.</doc>
<arguments>
<arg>${component}</arg>
</arguments>
<status endtime="20150916 09:01:57.942" starttime="20150916 09:01:57.927" status="PASS"></status>
</kw>
<status endtime="20150916 09:01:57.942" starttime="20150916 09:01:57.911" status="PASS"></status>
</kw>
<kw name="Check Location">
<arguments>
<arg>0</arg>
<arg>1</arg>
<arg>O</arg>
</arguments>
<kw library="BuiltIn" name="Catenate">
<doc>Catenates the given items together and returns the resulted string.</doc>
<arguments>
<arg>SEPARATOR=</arg>
<arg>Location</arg>
<arg>${row}</arg>
<arg>${col}</arg>
</arguments>
<assign>
<var>${component}</var>
</assign>
<msg level="INFO" timestamp="20150916 09:01:57.958">${component} = Location01</msg>
<status endtime="20150916 09:01:57.958" starttime="20150916 09:01:57.958" status="PASS"></status>
</kw>
<kw library="SwingLibrary" name="Get Button Text">
<doc>Uses current context to search for a button and when found, returns the text it is labeled with.</doc>
<arguments>
<arg>${component}</arg>
</arguments>
<assign>
<var>${button text}</var>
</assign>
<msg level="INFO" timestamp="20150916 09:01:57.974">${button text} = O</msg>
<status endtime="20150916 09:01:57.974" starttime="20150916 09:01:57.958" status="PASS"></status>
</kw>
<kw library="BuiltIn" name="Should Be Equal">
<doc>Fails if the given objects are unequal.</doc>
<arguments>
<arg>${button text}</arg>
<arg>${mark}</arg>
</arguments>
<status endtime="20150916 09:01:57.974" starttime="20150916 09:01:57.974" status="PASS"></status>
</kw>
<status endtime="20150916 09:01:57.974" starttime="20150916 09:01:57.942" status="PASS"></status>
</kw>
<kw name="Mark Location">
<arguments>
<arg>0</arg>
<arg>0</arg>
</arguments>
<kw library="BuiltIn" name="Catenate">
<doc>Catenates the given items together and returns the resulted string.</doc>
<arguments>
<arg>SEPARATOR=</arg>
<arg>Location</arg>
<arg>${row}</arg>
<arg>${col}</arg>
</arguments>
<assign>
<var>${component}</var>
</assign>
<msg level="INFO" timestamp="20150916 09:01:57.989">${component} = Location00</msg>
<status endtime="20150916 09:01:57.989" starttime="20150916 09:01:57.989" status="PASS"></status>
</kw>
<kw library="SwingLibrary" name="Click On Component">
<doc>Clicks on a component.</doc>
<arguments>
<arg>${component}</arg>
</arguments>
<status endtime="20150916 09:01:58.005" starttime="20150916 09:01:57.989" status="PASS"></status>
</kw>
<status endtime="20150916 09:01:58.021" starttime="20150916 09:01:57.989" status="PASS"></status>
</kw>
<kw name="Check Location">
<arguments>
<arg>0</arg>
<arg>0</arg>
<arg>X</arg>
</arguments>
<kw library="BuiltIn" name="Catenate">
<doc>Catenates the given items together and returns the resulted string.</doc>
<arguments>
<arg>SEPARATOR=</arg>
<arg>Location</arg>
<arg>${row}</arg>
<arg>${col}</arg>
</arguments>
<assign>
<var>${component}</var>
</assign>
<msg level="INFO" timestamp="20150916 09:01:58.021">${component} = Location00</msg>
<status endtime="20150916 09:01:58.021" starttime="20150916 09:01:58.021" status="PASS"></status>
</kw>
<kw library="SwingLibrary" name="Get Button Text">
<doc>Uses current context to search for a button and when found, returns the text it is labeled with.</doc>
<arguments>
<arg>${component}</arg>
</arguments>
<assign>
<var>${button text}</var>
</assign>
<msg level="INFO" timestamp="20150916 09:01:58.036">${button text} = X</msg>
<status endtime="20150916 09:01:58.036" starttime="20150916 09:01:58.036" status="PASS"></status>
</kw>
<kw library="BuiltIn" name="Should Be Equal">
<doc>Fails if the given objects are unequal.</doc>
<arguments>
<arg>${button text}</arg>
<arg>${mark}</arg>
</arguments>
<status endtime="20150916 09:01:58.036" starttime="20150916 09:01:58.036" status="PASS"></status>
</kw>
<status endtime="20150916 09:01:58.036" starttime="20150916 09:01:58.021" status="PASS"></status>
</kw>
<kw name="Mark Location">
<arguments>
<arg>0</arg>
<arg>2</arg>
</arguments>
<kw library="BuiltIn" name="Catenate">
<doc>Catenates the given items together and returns the resulted string.</doc>
<arguments>
<arg>SEPARATOR=</arg>
<arg>Location</arg>
<arg>${row}</arg>
<arg>${col}</arg>
</arguments>
<assign>
<var>${component}</var>
</assign>
<msg level="INFO" timestamp="20150916 09:01:58.052">${component} = Location02</msg>
<status endtime="20150916 09:01:58.052" starttime="20150916 09:01:58.052" status="PASS"></status>
</kw>
<kw library="SwingLibrary" name="Click On Component">
<doc>Clicks on a component.</doc>
<arguments>
<arg>${component}</arg>
</arguments>
<status endtime="20150916 09:01:58.067" starttime="20150916 09:01:58.067" status="PASS"></status>
</kw>
<status endtime="20150916 09:01:58.083" starttime="20150916 09:01:58.052" status="PASS"></status>
</kw>
<kw name="Check Location">
<arguments>
<arg>0</arg>
<arg>2</arg>
<arg>O</arg>
</arguments>
<kw library="BuiltIn" name="Catenate">
<doc>Catenates the given items together and returns the resulted string.</doc>
<arguments>
<arg>SEPARATOR=</arg>
<arg>Location</arg>
<arg>${row}</arg>
<arg>${col}</arg>
</arguments>
<assign>
<var>${component}</var>
</assign>
<msg level="INFO" timestamp="20150916 09:01:58.083">${component} = Location02</msg>
<status endtime="20150916 09:01:58.083" starttime="20150916 09:01:58.083" status="PASS"></status>
</kw>
<kw library="SwingLibrary" name="Get Button Text">
<doc>Uses current context to search for a button and when found, returns the text it is labeled with.</doc>
<arguments>
<arg>${component}</arg>
</arguments>
<assign>
<var>${button text}</var>
</assign>
<msg level="INFO" timestamp="20150916 09:01:58.099">${button text} = O</msg>
<status endtime="20150916 09:01:58.099" starttime="20150916 09:01:58.099" status="PASS"></status>
</kw>
<kw library="BuiltIn" name="Should Be Equal">
<doc>Fails if the given objects are unequal.</doc>
<arguments>
<arg>${button text}</arg>
<arg>${mark}</arg>
</arguments>
<status endtime="20150916 09:01:58.114" starttime="20150916 09:01:58.099" status="PASS"></status>
</kw>
<status endtime="20150916 09:01:58.114" starttime="20150916 09:01:58.083" status="PASS"></status>
</kw>
<kw name="Mark Location">
<arguments>
<arg>2</arg>
<arg>2</arg>
</arguments>
<kw library="BuiltIn" name="Catenate">
<doc>Catenates the given items together and returns the resulted string.</doc>
<arguments>
<arg>SEPARATOR=</arg>
<arg>Location</arg>
<arg>${row}</arg>
<arg>${col}</arg>
</arguments>
<assign>
<var>${component}</var>
</assign>
<msg level="INFO" timestamp="20150916 09:01:58.114">${component} = Location22</msg>
<status endtime="20150916 09:01:58.130" starttime="20150916 09:01:58.114" status="PASS"></status>
</kw>
<kw library="SwingLibrary" name="Click On Component">
<doc>Clicks on a component.</doc>
<arguments>
<arg>${component}</arg>
</arguments>
<status endtime="20150916 09:01:58.146" starttime="20150916 09:01:58.130" status="PASS"></status>
</kw>
<status endtime="20150916 09:01:58.146" starttime="20150916 09:01:58.114" status="PASS"></status>
</kw>
<kw name="Check Location">
<arguments>
<arg>2</arg>
<arg>2</arg>
<arg>X</arg>
</arguments>
<kw library="BuiltIn" name="Catenate">
<doc>Catenates the given items together and returns the resulted string.</doc>
<arguments>
<arg>SEPARATOR=</arg>
<arg>Location</arg>
<arg>${row}</arg>
<arg>${col}</arg>
</arguments>
<assign>
<var>${component}</var>
</assign>
<msg level="INFO" timestamp="20150916 09:01:58.161">${component} = Location22</msg>
<status endtime="20150916 09:01:58.161" starttime="20150916 09:01:58.146" status="PASS"></status>
</kw>
<kw library="SwingLibrary" name="Get Button Text">
<doc>Uses current context to search for a button and when found, returns the text it is labeled with.</doc>
<arguments>
<arg>${component}</arg>
</arguments>
<assign>
<var>${button text}</var>
</assign>
<msg level="INFO" timestamp="20150916 09:01:58.161">${button text} = X</msg>
<status endtime="20150916 09:01:58.177" starttime="20150916 09:01:58.161" status="PASS"></status>
</kw>
<kw library="BuiltIn" name="Should Be Equal">
<doc>Fails if the given objects are unequal.</doc>
<arguments>
<arg>${button text}</arg>
<arg>${mark}</arg>
</arguments>
<status endtime="20150916 09:01:58.177" starttime="20150916 09:01:58.177" status="PASS"></status>
</kw>
<status endtime="20150916 09:01:58.177" starttime="20150916 09:01:58.146" status="PASS"></status>
</kw>
<kw name="Winner Should Be">
<arguments>
<arg>X</arg>
</arguments>
<kw library="SwingLibrary" name="Select Dialog">
<doc>Selects a dialog as current context and sets focus to it.</doc>
<arguments>
<arg>Game Over</arg>
</arguments>
<status endtime="20150916 09:01:58.277" starttime="20150916 09:01:58.177" status="PASS"></status>
</kw>
<kw library="BuiltIn" name="Catenate">
<doc>Catenates the given items together and returns the resulted string.</doc>
<arguments>
<arg>The winner is</arg>
<arg>${winner}</arg>
</arguments>
<assign>
<var>${message}</var>
</assign>
<msg level="INFO" timestamp="20150916 09:01:58.277">${message} = The winner is X</msg>
<status endtime="20150916 09:01:58.277" starttime="20150916 09:01:58.277" status="PASS"></status>
</kw>
<kw library="SwingLibrary" name="Label Text Should Be">
<doc>Checks the equality of given text and the text displayed on a label.</doc>
<arguments>
<arg>OptionPane.label</arg>
<arg>${message}</arg>
</arguments>
<status endtime="20150916 09:01:58.293" starttime="20150916 09:01:58.277" status="PASS"></status>
</kw>
<kw library="SwingLibrary" name="Close Dialog">
<doc>Closes a dialog.</doc>
<arguments>
<arg>Game Over</arg>
</arguments>
<status endtime="20150916 09:01:58.684" starttime="20150916 09:01:58.293" status="PASS"></status>
</kw>
<kw library="SwingLibrary" name="Close Window">
<doc>Closes a window.</doc>
<arguments>
<arg>Tic Tac Toe</arg>
</arguments>
<status endtime="20150916 09:02:08.834" starttime="20150916 09:01:58.684" status="PASS"></status>
</kw>
<status endtime="20150916 09:02:08.850" starttime="20150916 09:01:58.177" status="PASS"></status>
</kw>
<status critical="yes" endtime="20150916 09:02:08.850" starttime="20150916 09:01:56.476" status="PASS"></status>
</test>
<test name="Win Horizontally as O" id="s1-t2">
<kw name="Start New Game">
<kw library="SwingLibrary" name="Start Application">
<doc>Alias for `Launch Application` keyword</doc>
<arguments>
<arg>TicTacToeGUI</arg>
</arguments>
<status endtime="20150916 09:02:08.881" starttime="20150916 09:02:08.865" status="PASS"></status>
</kw>
<kw library="SwingLibrary" name="Select Window">
<doc>Selects a window as current context and sets focus to it.</doc>
<arguments>
<arg>Tic Tac Toe</arg>
</arguments>
<status endtime="20150916 09:02:08.897" starttime="20150916 09:02:08.881" status="PASS"></status>
</kw>
<status endtime="20150916 09:02:08.897" starttime="20150916 09:02:08.865" status="PASS"></status>
</kw>
<kw name="Mark Location">
<arguments>
<arg>1</arg>
<arg>1</arg>
</arguments>
<kw library="BuiltIn" name="Catenate">
<doc>Catenates the given items together and returns the resulted string.</doc>
<arguments>
<arg>SEPARATOR=</arg>
<arg>Location</arg>
<arg>${row}</arg>
<arg>${col}</arg>
</arguments>
<assign>
<var>${component}</var>
</assign>
<msg level="INFO" timestamp="20150916 09:02:08.912">${component} = Location11</msg>
<status endtime="20150916 09:02:08.912" starttime="20150916 09:02:08.897" status="PASS"></status>
</kw>
<kw library="SwingLibrary" name="Click On Component">
<doc>Clicks on a component.</doc>
<arguments>
<arg>${component}</arg>
</arguments>
<status endtime="20150916 09:02:08.928" starttime="20150916 09:02:08.912" status="PASS"></status>
</kw>
<status endtime="20150916 09:02:08.928" starttime="20150916 09:02:08.897" status="PASS"></status>
</kw>
<kw name="Check Location">
<arguments>
<arg>1</arg>
<arg>1</arg>
<arg>X</arg>
</arguments>
<kw library="BuiltIn" name="Catenate">
<doc>Catenates the given items together and returns the resulted string.</doc>
<arguments>
<arg>SEPARATOR=</arg>
<arg>Location</arg>
<arg>${row}</arg>
<arg>${col}</arg>
</arguments>
<assign>
<var>${component}</var>
</assign>
<msg level="INFO" timestamp="20150916 09:02:08.943">${component} = Location11</msg>
<status endtime="20150916 09:02:08.943" starttime="20150916 09:02:08.928" status="PASS"></status>
</kw>
<kw library="SwingLibrary" name="Get Button Text">
<doc>Uses current context to search for a button and when found, returns the text it is labeled with.</doc>
<arguments>
<arg>${component}</arg>
</arguments>
<assign>
<var>${button text}</var>
</assign>
<msg level="INFO" timestamp="20150916 09:02:08.959">${button text} = X</msg>
<status endtime="20150916 09:02:08.959" starttime="20150916 09:02:08.943" status="PASS"></status>
</kw>
<kw library="BuiltIn" name="Should Be Equal">
<doc>Fails if the given objects are unequal.</doc>
<arguments>
<arg>${button text}</arg>
<arg>${mark}</arg>
</arguments>
<status endtime="20150916 09:02:08.959" starttime="20150916 09:02:08.959" status="PASS"></status>
</kw>
<status endtime="20150916 09:02:08.959" starttime="20150916 09:02:08.928" status="PASS"></status>
</kw>
<kw name="Mark Location">
<arguments>
<arg>2</arg>
<arg>0</arg>
</arguments>
<kw library="BuiltIn" name="Catenate">
<doc>Catenates the given items together and returns the resulted string.</doc>
<arguments>
<arg>SEPARATOR=</arg>
<arg>Location</arg>
<arg>${row}</arg>
<arg>${col}</arg>
</arguments>
<assign>
<var>${component}</var>
</assign>
<msg level="INFO" timestamp="20150916 09:02:08.975">${component} = Location20</msg>
<status endtime="20150916 09:02:08.975" starttime="20150916 09:02:08.975" status="PASS"></status>
</kw>
<kw library="SwingLibrary" name="Click On Component">
<doc>Clicks on a component.</doc>
<arguments>
<arg>${component}</arg>
</arguments>
<status endtime="20150916 09:02:08.990" starttime="20150916 09:02:08.975" status="PASS"></status>
</kw>
<status endtime="20150916 09:02:08.990" starttime="20150916 09:02:08.959" status="PASS"></status>
</kw>
<kw name="Check Location">
<arguments>
<arg>2</arg>
<arg>0</arg>
<arg>O</arg>
</arguments>
<kw library="BuiltIn" name="Catenate">
<doc>Catenates the given items together and returns the resulted string.</doc>
<arguments>
<arg>SEPARATOR=</arg>
<arg>Location</arg>
<arg>${row}</arg>
<arg>${col}</arg>
</arguments>
<assign>
<var>${component}</var>
</assign>
<msg level="INFO" timestamp="20150916 09:02:09.006">${component} = Location20</msg>
<status endtime="20150916 09:02:09.006" starttime="20150916 09:02:09.006" status="PASS"></status>
</kw>
<kw library="SwingLibrary" name="Get Button Text">
<doc>Uses current context to search for a button and when found, returns the text it is labeled with.</doc>
<arguments>
<arg>${component}</arg>
</arguments>
<assign>
<var>${button text}</var>
</assign>
<msg level="INFO" timestamp="20150916 09:02:09.022">${button text} = O</msg>
<status endtime="20150916 09:02:09.022" starttime="20150916 09:02:09.006" status="PASS"></status>
</kw>
<kw library="BuiltIn" name="Should Be Equal">
<doc>Fails if the given objects are unequal.</doc>
<arguments>
<arg>${button text}</arg>
<arg>${mark}</arg>
</arguments>
<status endtime="20150916 09:02:09.037" starttime="20150916 09:02:09.022" status="PASS"></status>
</kw>
<status endtime="20150916 09:02:09.037" starttime="20150916 09:02:09.006" status="PASS"></status>
</kw>
<kw name="Mark Location">
<arguments>
<arg>0</arg>
<arg>0</arg>
</arguments>
<kw library="BuiltIn" name="Catenate">
<doc>Catenates the given items together and returns the resulted string.</doc>
<arguments>
<arg>SEPARATOR=</arg>
<arg>Location</arg>
<arg>${row}</arg>
<arg>${col}</arg>
</arguments>
<assign>
<var>${component}</var>
</assign>
<msg level="INFO" timestamp="20150916 09:02:09.037">${component} = Location00</msg>
<status endtime="20150916 09:02:09.037" starttime="20150916 09:02:09.037" status="PASS"></status>
</kw>
<kw library="SwingLibrary" name="Click On Component">
<doc>Clicks on a component.</doc>
<arguments>
<arg>${component}</arg>
</arguments>
<status endtime="20150916 09:02:09.053" starttime="20150916 09:02:09.053" status="PASS"></status>
</kw>
<status endtime="20150916 09:02:09.068" starttime="20150916 09:02:09.037" status="PASS"></status>
</kw>
<kw name="Check Location">
<arguments>
<arg>0</arg>
<arg>0</arg>
<arg>X</arg>
</arguments>
<kw library="BuiltIn" name="Catenate">
<doc>Catenates the given items together and returns the resulted string.</doc>
<arguments>
<arg>SEPARATOR=</arg>
<arg>Location</arg>
<arg>${row}</arg>
<arg>${col}</arg>
</arguments>
<assign>
<var>${component}</var>
</assign>
<msg level="INFO" timestamp="20150916 09:02:09.068">${component} = Location00</msg>
<status endtime="20150916 09:02:09.068" starttime="20150916 09:02:09.068" status="PASS"></status>
</kw>
<kw library="SwingLibrary" name="Get Button Text">
<doc>Uses current context to search for a button and when found, returns the text it is labeled with.</doc>
<arguments>
<arg>${component}</arg>
</arguments>
<assign>
<var>${button text}</var>
</assign>
<msg level="INFO" timestamp="20150916 09:02:09.084">${button text} = X</msg>
<status endtime="20150916 09:02:09.084" starttime="20150916 09:02:09.068" status="PASS"></status>
</kw>
<kw library="BuiltIn" name="Should Be Equal">
<doc>Fails if the given objects are unequal.</doc>
<arguments>
<arg>${button text}</arg>
<arg>${mark}</arg>
</arguments>
<status endtime="20150916 09:02:09.084" starttime="20150916 09:02:09.084" status="PASS"></status>
</kw>
<status endtime="20150916 09:02:09.084" starttime="20150916 09:02:09.068" status="PASS"></status>
</kw>
<kw name="Mark Location">
<arguments>
<arg>2</arg>
<arg>2</arg>
</arguments>
<kw library="BuiltIn" name="Catenate">
<doc>Catenates the given items together and returns the resulted string.</doc>
<arguments>
<arg>SEPARATOR=</arg>
<arg>Location</arg>
<arg>${row}</arg>
<arg>${col}</arg>
</arguments>
<assign>
<var>${component}</var>
</assign>
<msg level="INFO" timestamp="20150916 09:02:09.100">${component} = Location22</msg>
<status endtime="20150916 09:02:09.100" starttime="20150916 09:02:09.100" status="PASS"></status>
</kw>
<kw library="SwingLibrary" name="Click On Component">
<doc>Clicks on a component.</doc>
<arguments>
<arg>${component}</arg>
</arguments>
<status endtime="20150916 09:02:09.115" starttime="20150916 09:02:09.100" status="PASS"></status>
</kw>
<status endtime="20150916 09:02:09.131" starttime="20150916 09:02:09.100" status="PASS"></status>
</kw>
<kw name="Check Location">
<arguments>
<arg>2</arg>
<arg>2</arg>
<arg>O</arg>
</arguments>
<kw library="BuiltIn" name="Catenate">
<doc>Catenates the given items together and returns the resulted string.</doc>
<arguments>
<arg>SEPARATOR=</arg>
<arg>Location</arg>
<arg>${row}</arg>
<arg>${col}</arg>
</arguments>
<assign>
<var>${component}</var>
</assign>
<msg level="INFO" timestamp="20150916 09:02:09.131">${component} = Location22</msg>
<status endtime="20150916 09:02:09.131" starttime="20150916 09:02:09.131" status="PASS"></status>
</kw>
<kw library="SwingLibrary" name="Get Button Text">
<doc>Uses current context to search for a button and when found, returns the text it is labeled with.</doc>
<arguments>
<arg>${component}</arg>
</arguments>
<assign>
<var>${button text}</var>
</assign>
<msg level="INFO" timestamp="20150916 09:02:09.147">${button text} = O</msg>
<status endtime="20150916 09:02:09.147" starttime="20150916 09:02:09.131" status="PASS"></status>
</kw>
<kw library="BuiltIn" name="Should Be Equal">
<doc>Fails if the given objects are unequal.</doc>
<arguments>
<arg>${button text}</arg>
<arg>${mark}</arg>
</arguments>
<status endtime="20150916 09:02:09.147" starttime="20150916 09:02:09.147" status="PASS"></status>
</kw>
<status endtime="20150916 09:02:09.147" starttime="20150916 09:02:09.131" status="PASS"></status>
</kw>
<kw name="Mark Location">
<arguments>
<arg>0</arg>
<arg>2</arg>
</arguments>
<kw library="BuiltIn" name="Catenate">
<doc>Catenates the given items together and returns the resulted string.</doc>
<arguments>
<arg>SEPARATOR=</arg>
<arg>Location</arg>
<arg>${row}</arg>
<arg>${col}</arg>
</arguments>
<assign>
<var>${component}</var>
</assign>
<msg level="INFO" timestamp="20150916 09:02:09.162">${component} = Location02</msg>
<status endtime="20150916 09:02:09.162" starttime="20150916 09:02:09.162" status="PASS"></status>
</kw>
<kw library="SwingLibrary" name="Click On Component">
<doc>Clicks on a component.</doc>
<arguments>
<arg>${component}</arg>
</arguments>
<status endtime="20150916 09:02:09.178" starttime="20150916 09:02:09.162" status="PASS"></status>
</kw>
<status endtime="20150916 09:02:09.178" starttime="20150916 09:02:09.147" status="PASS"></status>
</kw>
<kw name="Check Location">
<arguments>
<arg>0</arg>
<arg>2</arg>
<arg>X</arg>
</arguments>
<kw library="BuiltIn" name="Catenate">
<doc>Catenates the given items together and returns the resulted string.</doc>
<arguments>
<arg>SEPARATOR=</arg>
<arg>Location</arg>
<arg>${row}</arg>
<arg>${col}</arg>
</arguments>
<assign>
<var>${component}</var>
</assign>
<msg level="INFO" timestamp="20150916 09:02:09.193">${component} = Location02</msg>
<status endtime="20150916 09:02:09.193" starttime="20150916 09:02:09.178" status="PASS"></status>
</kw>
<kw library="SwingLibrary" name="Get Button Text">
<doc>Uses current context to search for a button and when found, returns the text it is labeled with.</doc>
<arguments>
<arg>${component}</arg>
</arguments>
<assign>
<var>${button text}</var>
</assign>
<msg level="INFO" timestamp="20150916 09:02:09.209">${button text} = X</msg>
<status endtime="20150916 09:02:09.209" starttime="20150916 09:02:09.193" status="PASS"></status>
</kw>
<kw library="BuiltIn" name="Should Be Equal">
<doc>Fails if the given objects are unequal.</doc>
<arguments>
<arg>${button text}</arg>
<arg>${mark}</arg>
</arguments>
<status endtime="20150916 09:02:09.209" starttime="20150916 09:02:09.209" status="PASS"></status>
</kw>
<status endtime="20150916 09:02:09.209" starttime="20150916 09:02:09.178" status="PASS"></status>
</kw>
<kw name="Mark Location">
<arguments>
<arg>2</arg>
<arg>1</arg>
</arguments>
<kw library="BuiltIn" name="Catenate">
<doc>Catenates the given items together and returns the resulted string.</doc>
<arguments>
<arg>SEPARATOR=</arg>
<arg>Location</arg>
<arg>${row}</arg>
<arg>${col}</arg>
</arguments>
<assign>
<var>${component}</var>
</assign>
<msg level="INFO" timestamp="20150916 09:02:09.225">${component} = Location21</msg>
<status endtime="20150916 09:02:09.225" starttime="20150916 09:02:09.209" status="PASS"></status>
</kw>
<kw library="SwingLibrary" name="Click On Component">
<doc>Clicks on a component.</doc>
<arguments>
<arg>${component}</arg>
</arguments>
<status endtime="20150916 09:02:09.225" starttime="20150916 09:02:09.225" status="PASS"></status>
</kw>
<status endtime="20150916 09:02:09.240" starttime="20150916 09:02:09.209" status="PASS"></status>
</kw>
<kw name="Check Location">
<arguments>
<arg>2</arg>
<arg>1</arg>
<arg>O</arg>
</arguments>
<kw library="BuiltIn" name="Catenate">
<doc>Catenates the given items together and returns the resulted string.</doc>
<arguments>
<arg>SEPARATOR=</arg>
<arg>Location</arg>
<arg>${row}</arg>
<arg>${col}</arg>
</arguments>
<assign>
<var>${component}</var>
</assign>
<msg level="INFO" timestamp="20150916 09:02:09.240">${component} = Location21</msg>
<status endtime="20150916 09:02:09.240" starttime="20150916 09:02:09.240" status="PASS"></status>
</kw>
<kw library="SwingLibrary" name="Get Button Text">
<doc>Uses current context to search for a button and when found, returns the text it is labeled with.</doc>
<arguments>
<arg>${component}</arg>
</arguments>
<assign>
<var>${button text}</var>
</assign>
<msg level="INFO" timestamp="20150916 09:02:09.256">${button text} = O</msg>
<status endtime="20150916 09:02:09.256" starttime="20150916 09:02:09.256" status="PASS"></status>
</kw>
<kw library="BuiltIn" name="Should Be Equal">
<doc>Fails if the given objects are unequal.</doc>
<arguments>
<arg>${button text}</arg>
<arg>${mark}</arg>
</arguments>
<status endtime="20150916 09:02:09.272" starttime="20150916 09:02:09.256" status="PASS"></status>
</kw>
<status endtime="20150916 09:02:09.272" starttime="20150916 09:02:09.240" status="PASS"></status>
</kw>
<kw name="Winner Should Be">
<arguments>
<arg>O</arg>
</arguments>
<kw library="SwingLibrary" name="Select Dialog">
<doc>Selects a dialog as current context and sets focus to it.</doc>
<arguments>
<arg>Game Over</arg>
</arguments>
<status endtime="20150916 09:02:09.303" starttime="20150916 09:02:09.272" status="PASS"></status>
</kw>
<kw library="BuiltIn" name="Catenate">
<doc>Catenates the given items together and returns the resulted string.</doc>
<arguments>
<arg>The winner is</arg>
<arg>${winner}</arg>
</arguments>
<assign>
<var>${message}</var>
</assign>
<msg level="INFO" timestamp="20150916 09:02:09.319">${message} = The winner is O</msg>
<status endtime="20150916 09:02:09.319" starttime="20150916 09:02:09.303" status="PASS"></status>
</kw>
<kw library="SwingLibrary" name="Label Text Should Be">
<doc>Checks the equality of given text and the text displayed on a label.</doc>
<arguments>
<arg>OptionPane.label</arg>
<arg>${message}</arg>
</arguments>
<status endtime="20150916 09:02:09.319" starttime="20150916 09:02:09.319" status="PASS"></status>
</kw>
<kw library="SwingLibrary" name="Close Dialog">
<doc>Closes a dialog.</doc>
<arguments>
<arg>Game Over</arg>
</arguments>
<status endtime="20150916 09:02:09.350" starttime="20150916 09:02:09.334" status="PASS"></status>
</kw>
<kw library="SwingLibrary" name="Close Window">
<doc>Closes a window.</doc>
<arguments>
<arg>Tic Tac Toe</arg>
</arguments>
<status endtime="20150916 09:02:19.493" starttime="20150916 09:02:09.350" status="PASS"></status>
</kw>
<status endtime="20150916 09:02:19.493" starttime="20150916 09:02:09.272" status="PASS"></status>
</kw>
<status critical="yes" endtime="20150916 09:02:19.493" starttime="20150916 09:02:08.850" status="PASS"></status>
</test>
<test name="Force a Tie" id="s1-t3">
<kw name="Start New Game">
<kw library="SwingLibrary" name="Start Application">
<doc>Alias for `Launch Application` keyword</doc>
<arguments>
<arg>TicTacToeGUI</arg>
</arguments>
<status endtime="20150916 09:02:19.539" starttime="20150916 09:02:19.524" status="PASS"></status>
</kw>
<kw library="SwingLibrary" name="Select Window">
<doc>Selects a window as current context and sets focus to it.</doc>
<arguments>
<arg>Tic Tac Toe</arg>
</arguments>
<status endtime="20150916 09:02:19.571" starttime="20150916 09:02:19.555" status="PASS"></status>
</kw>
<status endtime="20150916 09:02:19.571" starttime="20150916 09:02:19.524" status="PASS"></status>
</kw>
<kw name="Mark Location">
<arguments>
<arg>1</arg>
<arg>1</arg>
</arguments>
<kw library="BuiltIn" name="Catenate">
<doc>Catenates the given items together and returns the resulted string.</doc>
<arguments>
<arg>SEPARATOR=</arg>
<arg>Location</arg>
<arg>${row}</arg>
<arg>${col}</arg>
</arguments>
<assign>
<var>${component}</var>
</assign>
<msg level="INFO" timestamp="20150916 09:02:19.586">${component} = Location11</msg>
<status endtime="20150916 09:02:19.586" starttime="20150916 09:02:19.571" status="PASS"></status>
</kw>
<kw library="SwingLibrary" name="Click On Component">
<doc>Clicks on a component.</doc>
<arguments>
<arg>${component}</arg>
</arguments>
<status endtime="20150916 09:02:19.586" starttime="20150916 09:02:19.586" status="PASS"></status>
</kw>
<status endtime="20150916 09:02:19.602" starttime="20150916 09:02:19.571" status="PASS"></status>
</kw>
<kw name="Check Location">
<arguments>
<arg>1</arg>
<arg>1</arg>
<arg>X</arg>
</arguments>
<kw library="BuiltIn" name="Catenate">
<doc>Catenates the given items together and returns the resulted string.</doc>
<arguments>
<arg>SEPARATOR=</arg>
<arg>Location</arg>
<arg>${row}</arg>
<arg>${col}</arg>
</arguments>
<assign>
<var>${component}</var>
</assign>
<msg level="INFO" timestamp="20150916 09:02:19.602">${component} = Location11</msg>
<status endtime="20150916 09:02:19.602" starttime="20150916 09:02:19.602" status="PASS"></status>
</kw>
<kw library="SwingLibrary" name="Get Button Text">
<doc>Uses current context to search for a button and when found, returns the text it is labeled with.</doc>
<arguments>
<arg>${component}</arg>
</arguments>
<assign>
<var>${button text}</var>
</assign>
<msg level="INFO" timestamp="20150916 09:02:19.618">${button text} = X</msg>
<status endtime="20150916 09:02:19.618" starttime="20150916 09:02:19.602" status="PASS"></status>
</kw>
<kw library="BuiltIn" name="Should Be Equal">
<doc>Fails if the given objects are unequal.</doc>
<arguments>
<arg>${button text}</arg>
<arg>${mark}</arg>
</arguments>
<status endtime="20150916 09:02:19.618" starttime="20150916 09:02:19.618" status="PASS"></status>
</kw>
<status endtime="20150916 09:02:19.618" starttime="20150916 09:02:19.602" status="PASS"></status>
</kw>
<kw name="Mark Location">
<arguments>
<arg>0</arg>
<arg>0</arg>
</arguments>
<kw library="BuiltIn" name="Catenate">
<doc>Catenates the given items together and returns the resulted string.</doc>
<arguments>
<arg>SEPARATOR=</arg>
<arg>Location</arg>
<arg>${row}</arg>
<arg>${col}</arg>
</arguments>
<assign>
<var>${component}</var>
</assign>
<msg level="INFO" timestamp="20150916 09:02:19.633">${component} = Location00</msg>
<status endtime="20150916 09:02:19.633" starttime="20150916 09:02:19.633" status="PASS"></status>
</kw>
<kw library="SwingLibrary" name="Click On Component">
<doc>Clicks on a component.</doc>
<arguments>
<arg>${component}</arg>
</arguments>
<status endtime="20150916 09:02:19.649" starttime="20150916 09:02:19.633" status="PASS"></status>
</kw>
<status endtime="20150916 09:02:19.649" starttime="20150916 09:02:19.618" status="PASS"></status>
</kw>
<kw name="Check Location">
<arguments>
<arg>0</arg>
<arg>0</arg>
<arg>O</arg>
</arguments>
<kw library="BuiltIn" name="Catenate">
<doc>Catenates the given items together and returns the resulted string.</doc>
<arguments>
<arg>SEPARATOR=</arg>
<arg>Location</arg>
<arg>${row}</arg>
<arg>${col}</arg>
</arguments>
<assign>
<var>${component}</var>
</assign>
<msg level="INFO" timestamp="20150916 09:02:19.664">${component} = Location00</msg>
<status endtime="20150916 09:02:19.664" starttime="20150916 09:02:19.649" status="PASS"></status>
</kw>
<kw library="SwingLibrary" name="Get Button Text">
<doc>Uses current context to search for a button and when found, returns the text it is labeled with.</doc>
<arguments>
<arg>${component}</arg>
</arguments>
<assign>
<var>${button text}</var>
</assign>
<msg level="INFO" timestamp="20150916 09:02:19.664">${button text} = O</msg>
<status endtime="20150916 09:02:19.664" starttime="20150916 09:02:19.664" status="PASS"></status>
</kw>
<kw library="BuiltIn" name="Should Be Equal">
<doc>Fails if the given objects are unequal.</doc>
<arguments>
<arg>${button text}</arg>
<arg>${mark}</arg>
</arguments>
<status endtime="20150916 09:02:19.664" starttime="20150916 09:02:19.664" status="PASS"></status>
</kw>
<status endtime="20150916 09:02:19.664" starttime="20150916 09:02:19.649" status="PASS"></status>
</kw>
<kw name="Mark Location">
<arguments>
<arg>2</arg>
<arg>0</arg>
</arguments>
<kw library="BuiltIn" name="Catenate">
<doc>Catenates the given items together and returns the resulted string.</doc>
<arguments>
<arg>SEPARATOR=</arg>
<arg>Location</arg>
<arg>${row}</arg>
<arg>${col}</arg>
</arguments>
<assign>
<var>${component}</var>
</assign>
<msg level="INFO" timestamp="20150916 09:02:19.680">${component} = Location20</msg>
<status endtime="20150916 09:02:19.680" starttime="20150916 09:02:19.680" status="PASS"></status>
</kw>
<kw library="SwingLibrary" name="Click On Component">
<doc>Clicks on a component.</doc>
<arguments>
<arg>${component}</arg>
</arguments>
<status endtime="20150916 09:02:19.696" starttime="20150916 09:02:19.680" status="PASS"></status>
</kw>
<status endtime="20150916 09:02:19.696" starttime="20150916 09:02:19.680" status="PASS"></status>
</kw>
<kw name="Check Location">
<arguments>
<arg>2</arg>
<arg>0</arg>
<arg>X</arg>
</arguments>
<kw library="BuiltIn" name="Catenate">
<doc>Catenates the given items together and returns the resulted string.</doc>
<arguments>
<arg>SEPARATOR=</arg>
<arg>Location</arg>
<arg>${row}</arg>
<arg>${col}</arg>
</arguments>
<assign>
<var>${component}</var>
</assign>
<msg level="INFO" timestamp="20150916 09:02:19.711">${component} = Location20</msg>
<status endtime="20150916 09:02:19.711" starttime="20150916 09:02:19.696" status="PASS"></status>
</kw>
<kw library="SwingLibrary" name="Get Button Text">
<doc>Uses current context to search for a button and when found, returns the text it is labeled with.</doc>
<arguments>
<arg>${component}</arg>
</arguments>
<assign>
<var>${button text}</var>
</assign>
<msg level="INFO" timestamp="20150916 09:02:19.711">${button text} = X</msg>
<status endtime="20150916 09:02:19.711" starttime="20150916 09:02:19.711" status="PASS"></status>
</kw>
<kw library="BuiltIn" name="Should Be Equal">
<doc>Fails if the given objects are unequal.</doc>
<arguments>
<arg>${button text}</arg>
<arg>${mark}</arg>
</arguments>
<status endtime="20150916 09:02:19.727" starttime="20150916 09:02:19.711" status="PASS"></status>
</kw>
<status endtime="20150916 09:02:19.727" starttime="20150916 09:02:19.696" status="PASS"></status>
</kw>
<kw name="Mark Location">
<arguments>
<arg>0</arg>
<arg>2</arg>
</arguments>
<kw library="BuiltIn" name="Catenate">
<doc>Catenates the given items together and returns the resulted string.</doc>
<arguments>
<arg>SEPARATOR=</arg>
<arg>Location</arg>
<arg>${row}</arg>
<arg>${col}</arg>
</arguments>
<assign>
<var>${component}</var>
</assign>
<msg level="INFO" timestamp="20150916 09:02:19.727">${component} = Location02</msg>
<status endtime="20150916 09:02:19.727" starttime="20150916 09:02:19.727" status="PASS"></status>
</kw>
<kw library="SwingLibrary" name="Click On Component">
<doc>Clicks on a component.</doc>
<arguments>
<arg>${component}</arg>
</arguments>
<status endtime="20150916 09:02:19.743" starttime="20150916 09:02:19.727" status="PASS"></status>
</kw>
<status endtime="20150916 09:02:19.743" starttime="20150916 09:02:19.727" status="PASS"></status>
</kw>
<kw name="Check Location">
<arguments>
<arg>0</arg>
<arg>2</arg>
<arg>O</arg>
</arguments>
<kw library="BuiltIn" name="Catenate">
<doc>Catenates the given items together and returns the resulted string.</doc>
<arguments>
<arg>SEPARATOR=</arg>
<arg>Location</arg>
<arg>${row}</arg>
<arg>${col}</arg>
</arguments>
<assign>
<var>${component}</var>
</assign>
<msg level="INFO" timestamp="20150916 09:02:19.758">${component} = Location02</msg>
<status endtime="20150916 09:02:19.758" starttime="20150916 09:02:19.758" status="PASS"></status>
</kw>
<kw library="SwingLibrary" name="Get Button Text">
<doc>Uses current context to search for a button and when found, returns the text it is labeled with.</doc>
<arguments>
<arg>${component}</arg>
</arguments>
<assign>
<var>${button text}</var>
</assign>
<msg level="INFO" timestamp="20150916 09:02:19.774">${button text} = O</msg>
<status endtime="20150916 09:02:19.774" starttime="20150916 09:02:19.758" status="PASS"></status>
</kw>
<kw library="BuiltIn" name="Should Be Equal">
<doc>Fails if the given objects are unequal.</doc>
<arguments>
<arg>${button text}</arg>
<arg>${mark}</arg>
</arguments>
<status endtime="20150916 09:02:19.774" starttime="20150916 09:02:19.774" status="PASS"></status>
</kw>
<status endtime="20150916 09:02:19.774" starttime="20150916 09:02:19.743" status="PASS"></status>
</kw>
<kw name="Mark Location">
<arguments>
<arg>0</arg>
<arg>1</arg>
</arguments>
<kw library="BuiltIn" name="Catenate">
<doc>Catenates the given items together and returns the resulted string.</doc>
<arguments>
<arg>SEPARATOR=</arg>
<arg>Location</arg>
<arg>${row}</arg>
<arg>${col}</arg>
</arguments>
<assign>
<var>${component}</var>
</assign>
<msg level="INFO" timestamp="20150916 09:02:19.789">${component} = Location01</msg>
<status endtime="20150916 09:02:19.789" starttime="20150916 09:02:19.774" status="PASS"></status>
</kw>
<kw library="SwingLibrary" name="Click On Component">
<doc>Clicks on a component.</doc>
<arguments>
<arg>${component}</arg>
</arguments>
<status endtime="20150916 09:02:19.805" starttime="20150916 09:02:19.789" status="PASS"></status>
</kw>
<status endtime="20150916 09:02:19.805" starttime="20150916 09:02:19.774" status="PASS"></status>
</kw>
<kw name="Check Location">
<arguments>
<arg>0</arg>
<arg>1</arg>
<arg>X</arg>
</arguments>
<kw library="BuiltIn" name="Catenate">
<doc>Catenates the given items together and returns the resulted string.</doc>
<arguments>
<arg>SEPARATOR=</arg>
<arg>Location</arg>
<arg>${row}</arg>
<arg>${col}</arg>
</arguments>
<assign>
<var>${component}</var>
</assign>
<msg level="INFO" timestamp="20150916 09:02:19.805">${component} = Location01</msg>
<status endtime="20150916 09:02:19.821" starttime="20150916 09:02:19.805" status="PASS"></status>
</kw>
<kw library="SwingLibrary" name="Get Button Text">
<doc>Uses current context to search for a button and when found, returns the text it is labeled with.</doc>
<arguments>
<arg>${component}</arg>
</arguments>
<assign>
<var>${button text}</var>
</assign>
<msg level="INFO" timestamp="20150916 09:02:19.821">${button text} = X</msg>
<status endtime="20150916 09:02:19.821" starttime="20150916 09:02:19.821" status="PASS"></status>
</kw>
<kw library="BuiltIn" name="Should Be Equal">
<doc>Fails if the given objects are unequal.</doc>
<arguments>
<arg>${button text}</arg>
<arg>${mark}</arg>
</arguments>
<status endtime="20150916 09:02:19.836" starttime="20150916 09:02:19.821" status="PASS"></status>
</kw>
<status endtime="20150916 09:02:19.836" starttime="20150916 09:02:19.805" status="PASS"></status>
</kw>
<kw name="Mark Location">
<arguments>
<arg>2</arg>
<arg>1</arg>
</arguments>
<kw library="BuiltIn" name="Catenate">
<doc>Catenates the given items together and returns the resulted string.</doc>
<arguments>
<arg>SEPARATOR=</arg>
<arg>Location</arg>
<arg>${row}</arg>
<arg>${col}</arg>
</arguments>
<assign>
<var>${component}</var>
</assign>
<msg level="INFO" timestamp="20150916 09:02:19.836">${component} = Location21</msg>
<status endtime="20150916 09:02:19.836" starttime="20150916 09:02:19.836" status="PASS"></status>
</kw>
<kw library="SwingLibrary" name="Click On Component">
<doc>Clicks on a component.</doc>
<arguments>
<arg>${component}</arg>
</arguments>
<status endtime="20150916 09:02:19.852" starttime="20150916 09:02:19.836" status="PASS"></status>
</kw>
<status endtime="20150916 09:02:19.852" starttime="20150916 09:02:19.836" status="PASS"></status>
</kw>
<kw name="Check Location">
<arguments>
<arg>2</arg>
<arg>1</arg>
<arg>O</arg>
</arguments>
<kw library="BuiltIn" name="Catenate">
<doc>Catenates the given items together and returns the resulted string.</doc>
<arguments>
<arg>SEPARATOR=</arg>
<arg>Location</arg>
<arg>${row}</arg>
<arg>${col}</arg>
</arguments>
<assign>
<var>${component}</var>
</assign>
<msg level="INFO" timestamp="20150916 09:02:19.868">${component} = Location21</msg>
<status endtime="20150916 09:02:19.868" starttime="20150916 09:02:19.868" status="PASS"></status>
</kw>
<kw library="SwingLibrary" name="Get Button Text">
<doc>Uses current context to search for a button and when found, returns the text it is labeled with.</doc>
<arguments>
<arg>${component}</arg>
</arguments>
<assign>
<var>${button text}</var>
</assign>
<msg level="INFO" timestamp="20150916 09:02:19.883">${button text} = O</msg>
<status endtime="20150916 09:02:19.883" starttime="20150916 09:02:19.868" status="PASS"></status>
</kw>
<kw library="BuiltIn" name="Should Be Equal">
<doc>Fails if the given objects are unequal.</doc>
<arguments>
<arg>${button text}</arg>
<arg>${mark}</arg>
</arguments>
<status endtime="20150916 09:02:19.883" starttime="20150916 09:02:19.883" status="PASS"></status>
</kw>
<status endtime="20150916 09:02:19.883" starttime="20150916 09:02:19.852" status="PASS"></status>
</kw>
<kw name="Mark Location">
<arguments>
<arg>1</arg>
<arg>2</arg>
</arguments>
<kw library="BuiltIn" name="Catenate">
<doc>Catenates the given items together and returns the resulted string.</doc>
<arguments>
<arg>SEPARATOR=</arg>
<arg>Location</arg>
<arg>${row}</arg>
<arg>${col}</arg>
</arguments>
<assign>
<var>${component}</var>
</assign>
<msg level="INFO" timestamp="20150916 09:02:19.899">${component} = Location12</msg>
<status endtime="20150916 09:02:19.899" starttime="20150916 09:02:19.899" status="PASS"></status>
</kw>
<kw library="SwingLibrary" name="Click On Component">
<doc>Clicks on a component.</doc>
<arguments>
<arg>${component}</arg>
</arguments>
<status endtime="20150916 09:02:19.899" starttime="20150916 09:02:19.899" status="PASS"></status>
</kw>
<status endtime="20150916 09:02:19.899" starttime="20150916 09:02:19.883" status="PASS"></status>
</kw>
<kw name="Check Location">
<arguments>
<arg>1</arg>
<arg>2</arg>
<arg>X</arg>
</arguments>
<kw library="BuiltIn" name="Catenate">
<doc>Catenates the given items together and returns the resulted string.</doc>
<arguments>
<arg>SEPARATOR=</arg>
<arg>Location</arg>
<arg>${row}</arg>
<arg>${col}</arg>
</arguments>
<assign>
<var>${component}</var>
</assign>
<msg level="INFO" timestamp="20150916 09:02:19.914">${component} = Location12</msg>
<status endtime="20150916 09:02:19.914" starttime="20150916 09:02:19.914" status="PASS"></status>
</kw>
<kw library="SwingLibrary" name="Get Button Text">
<doc>Uses current context to search for a button and when found, returns the text it is labeled with.</doc>
<arguments>
<arg>${component}</arg>
</arguments>
<assign>
<var>${button text}</var>
</assign>
<msg level="INFO" timestamp="20150916 09:02:19.914">${button text} = X</msg>
<status endtime="20150916 09:02:19.914" starttime="20150916 09:02:19.914" status="PASS"></status>
</kw>
<kw library="BuiltIn" name="Should Be Equal">
<doc>Fails if the given objects are unequal.</doc>
<arguments>
<arg>${button text}</arg>
<arg>${mark}</arg>
</arguments>
<status endtime="20150916 09:02:19.930" starttime="20150916 09:02:19.914" status="PASS"></status>
</kw>
<status endtime="20150916 09:02:19.930" starttime="20150916 09:02:19.899" status="PASS"></status>
</kw>
<kw name="Mark Location">
<arguments>
<arg>1</arg>
<arg>0</arg>
</arguments>
<kw library="BuiltIn" name="Catenate">
<doc>Catenates the given items together and returns the resulted string.</doc>
<arguments>
<arg>SEPARATOR=</arg>
<arg>Location</arg>
<arg>${row}</arg>
<arg>${col}</arg>
</arguments>
<assign>
<var>${component}</var>
</assign>
<msg level="INFO" timestamp="20150916 09:02:19.930">${component} = Location10</msg>
<status endtime="20150916 09:02:19.930" starttime="20150916 09:02:19.930" status="PASS"></status>
</kw>
<kw library="SwingLibrary" name="Click On Component">
<doc>Clicks on a component.</doc>
<arguments>
<arg>${component}</arg>
</arguments>
<status endtime="20150916 09:02:19.946" starttime="20150916 09:02:19.930" status="PASS"></status>
</kw>
<status endtime="20150916 09:02:19.946" starttime="20150916 09:02:19.930" status="PASS"></status>
</kw>
<kw name="Check Location">
<arguments>
<arg>1</arg>
<arg>0</arg>
<arg>O</arg>
</arguments>
<kw library="BuiltIn" name="Catenate">
<doc>Catenates the given items together and returns the resulted string.</doc>
<arguments>
<arg>SEPARATOR=</arg>
<arg>Location</arg>
<arg>${row}</arg>
<arg>${col}</arg>
</arguments>
<assign>
<var>${component}</var>
</assign>
<msg level="INFO" timestamp="20150916 09:02:19.946">${component} = Location10</msg>
<status endtime="20150916 09:02:19.946" starttime="20150916 09:02:19.946" status="PASS"></status>
</kw>
<kw library="SwingLibrary" name="Get Button Text">
<doc>Uses current context to search for a button and when found, returns the text it is labeled with.</doc>
<arguments>
<arg>${component}</arg>
</arguments>
<assign>
<var>${button text}</var>
</assign>
<msg level="INFO" timestamp="20150916 09:02:19.961">${button text} = O</msg>
<status endtime="20150916 09:02:19.961" starttime="20150916 09:02:19.961" status="PASS"></status>
</kw>
<kw library="BuiltIn" name="Should Be Equal">
<doc>Fails if the given objects are unequal.</doc>
<arguments>
<arg>${button text}</arg>
<arg>${mark}</arg>
</arguments>
<status endtime="20150916 09:02:19.961" starttime="20150916 09:02:19.961" status="PASS"></status>
</kw>
<status endtime="20150916 09:02:19.977" starttime="20150916 09:02:19.946" status="PASS"></status>
</kw>
<kw name="Mark Location">
<arguments>
<arg>2</arg>
<arg>2</arg>
</arguments>
<kw library="BuiltIn" name="Catenate">
<doc>Catenates the given items together and returns the resulted string.</doc>
<arguments>
<arg>SEPARATOR=</arg>
<arg>Location</arg>
<arg>${row}</arg>
<arg>${col}</arg>
</arguments>
<assign>
<var>${component}</var>
</assign>
<msg level="INFO" timestamp="20150916 09:02:19.977">${component} = Location22</msg>
<status endtime="20150916 09:02:19.977" starttime="20150916 09:02:19.977" status="PASS"></status>
</kw>
<kw library="SwingLibrary" name="Click On Component">
<doc>Clicks on a component.</doc>
<arguments>
<arg>${component}</arg>
</arguments>
<status endtime="20150916 09:02:19.993" starttime="20150916 09:02:19.977" status="PASS"></status>
</kw>
<status endtime="20150916 09:02:19.993" starttime="20150916 09:02:19.977" status="PASS"></status>
</kw>
<kw name="Check Location">
<arguments>
<arg>2</arg>
<arg>2</arg>
<arg>X</arg>
</arguments>
<kw library="BuiltIn" name="Catenate">
<doc>Catenates the given items together and returns the resulted string.</doc>
<arguments>
<arg>SEPARATOR=</arg>
<arg>Location</arg>
<arg>${row}</arg>
<arg>${col}</arg>
</arguments>
<assign>
<var>${component}</var>
</assign>
<msg level="INFO" timestamp="20150916 09:02:20.008">${component} = Location22</msg>
<status endtime="20150916 09:02:20.008" starttime="20150916 09:02:20.008" status="PASS"></status>
</kw>
<kw library="SwingLibrary" name="Get Button Text">
<doc>Uses current context to search for a button and when found, returns the text it is labeled with.</doc>
<arguments>
<arg>${component}</arg>
</arguments>
<assign>
<var>${button text}</var>
</assign>
<msg level="INFO" timestamp="20150916 09:02:20.024">${button text} = X</msg>
<status endtime="20150916 09:02:20.024" starttime="20150916 09:02:20.008" status="PASS"></status>
</kw>
<kw library="BuiltIn" name="Should Be Equal">
<doc>Fails if the given objects are unequal.</doc>
<arguments>
<arg>${button text}</arg>
<arg>${mark}</arg>
</arguments>
<status endtime="20150916 09:02:20.024" starttime="20150916 09:02:20.024" status="PASS"></status>
</kw>
<status endtime="20150916 09:02:20.024" starttime="20150916 09:02:20.008" status="PASS"></status>
</kw>
<kw name="Winner Should Be">
<arguments>
<arg>TIE</arg>
</arguments>
<kw library="SwingLibrary" name="Select Dialog">
<doc>Selects a dialog as current context and sets focus to it.</doc>
<arguments>
<arg>Game Over</arg>
</arguments>
<status endtime="20150916 09:02:20.071" starttime="20150916 09:02:20.024" status="PASS"></status>
</kw>
<kw library="BuiltIn" name="Catenate">
<doc>Catenates the given items together and returns the resulted string.</doc>
<arguments>
<arg>The winner is</arg>
<arg>${winner}</arg>
</arguments>
<assign>
<var>${message}</var>
</assign>
<msg level="INFO" timestamp="20150916 09:02:20.071">${message} = The winner is TIE</msg>
<status endtime="20150916 09:02:20.071" starttime="20150916 09:02:20.071" status="PASS"></status>
</kw>
<kw library="SwingLibrary" name="Label Text Should Be">
<doc>Checks the equality of given text and the text displayed on a label.</doc>
<arguments>
<arg>OptionPane.label</arg>
<arg>${message}</arg>
</arguments>
<status endtime="20150916 09:02:20.071" starttime="20150916 09:02:20.071" status="PASS"></status>
</kw>
<kw library="SwingLibrary" name="Close Dialog">
<doc>Closes a dialog.</doc>
<arguments>
<arg>Game Over</arg>
</arguments>
<status endtime="20150916 09:02:20.086" starttime="20150916 09:02:20.071" status="PASS"></status>
</kw>
<kw library="SwingLibrary" name="Close Window">
<doc>Closes a window.</doc>
<arguments>
<arg>Tic Tac Toe</arg>
</arguments>
<status endtime="20150916 09:02:30.228" starttime="20150916 09:02:20.086" status="PASS"></status>
</kw>
<status endtime="20150916 09:02:30.228" starttime="20150916 09:02:20.024" status="PASS"></status>
</kw>
<status critical="yes" endtime="20150916 09:02:30.228" starttime="20150916 09:02:19.508" status="PASS"></status>
</test>
<status endtime="20150916 09:02:30.260" starttime="20150916 09:01:55.183" status="PASS"></status>
</suite>
<statistics>
<total>
<stat pass="3" fail="0">Critical Tests</stat>
<stat pass="3" fail="0">All Tests</stat>
</total>
<tag>
</tag>
<suite>
<stat pass="3" fail="0" name="TicTacToeGUI" id="s1">TicTacToeGUI</stat>
</suite>
</statistics>
<errors>
</errors>
</robot>
